#
# There is insufficient memory for the Java Runtime Environment to continue.
# Native memory allocation (malloc) failed to allocate 247376 bytes for Chunk::new
# Possible reasons:
#   The system is out of physical RAM or swap space
#   The process is running with CompressedOops enabled, and the Java Heap may be blocking the growth of the native heap
# Possible solutions:
#   Reduce memory load on the system
#   Increase physical memory or swap space
#   Check if swap backing store is full
#   Decrease Java heap size (-Xmx/-Xms)
#   Decrease number of Java threads
#   Decrease Java thread stack sizes (-Xss)
#   Set larger code cache with -XX:ReservedCodeCacheSize=
#   JVM is running with Unscaled Compressed Oops mode in which the Java heap is
#     placed in the first 4GB address space. The Java Heap base address is the
#     maximum limit for the native heap growth. Please use -XX:HeapBaseMinAddress
#     to set the Java Heap base and to place the Java Heap above 4GB virtual address.
# This output file may be truncated or incomplete.
#
#  Out of Memory Error (./open/src/hotspot/share/memory/arena.cpp:197), pid=2548, tid=15872
#
# JRE version: Java(TM) SE Runtime Environment 18.9 (11.0.14+8) (build 11.0.14+8-LTS-263)
# Java VM: Java HotSpot(TM) 64-Bit Server VM 18.9 (11.0.14+8-LTS-263, mixed mode, tiered, compressed oops, g1 gc, windows-amd64)
# No core dump will be written. Minidumps are not enabled by default on client versions of Windows
#

---------------  S U M M A R Y ------------

Command Line: -ea -Dfile.encoding=Cp1252 org.testng.remote.RemoteTestNG -serport 59439 -protocol json -d C:\Users\chavan\eclipse-workspace\zerodha\test-output C:\Users\chavan\AppData\Local\Temp\testng-eclipse--293026780\testng-customsuite.xml

Host: Intel(R) Core(TM) i3-4005U CPU @ 1.70GHz, 4 cores, 3G,  Windows 10 , 64 bit Build 19041 (10.0.19041.546)
Time: Wed Jul 27 15:49:36 2022 India Standard Time elapsed time: 25.267267 seconds (0d 0h 0m 25s)

---------------  T H R E A D  ---------------

Current thread (0x000001eb35afa800):  JavaThread "C2 CompilerThread0" daemon [_thread_in_native, id=15872, stack(0x0000002825c00000,0x0000002825d00000)]


Current CompileTask:
C2:  25267 2468       4       jdk.internal.org.objectweb.asm.ClassWriter::newStringishItem (68 bytes)

Stack: [0x0000002825c00000,0x0000002825d00000]
Native frames: (J=compiled Java code, j=interpreted, Vv=VM code, C=native code)
V  [jvm.dll+0x6296da]
V  [jvm.dll+0x76323f]
V  [jvm.dll+0x7648e9]
V  [jvm.dll+0x764f73]
V  [jvm.dll+0x23d7c8]
V  [jvm.dll+0xb297c]
V  [jvm.dll+0xb2f3c]
V  [jvm.dll+0x340e52]
V  [jvm.dll+0x30e803]
V  [jvm.dll+0x30db4a]
V  [jvm.dll+0x1f8365]
V  [jvm.dll+0x1f754d]
V  [jvm.dll+0x177b21]
V  [jvm.dll+0x206e26]
V  [jvm.dll+0x204fbb]
V  [jvm.dll+0x729170]
V  [jvm.dll+0x721d44]
V  [jvm.dll+0x6285d6]
C  [ucrtbase.dll+0x214c2]
C  [KERNEL32.DLL+0x17034]
C  [ntdll.dll+0x4cec1]


---------------  P R O C E S S  ---------------

Threads class SMR info:
_java_thread_list=0x000001eb36e2e320, length=23, elements={
0x000001eb1a235000, 0x000001eb35a8c800, 0x000001eb35a98000, 0x000001eb35aa7000,
0x000001eb35aa9000, 0x000001eb35aaa800, 0x000001eb35afa800, 0x000001eb35afe000,
0x000001eb35b03000, 0x000001eb35da2800, 0x000001eb365ee800, 0x000001eb36955000,
0x000001eb36955800, 0x000001eb36c3b000, 0x000001eb376d7800, 0x000001eb35eb6000,
0x000001eb35ea0000, 0x000001eb36374000, 0x000001eb365e3000, 0x000001eb36c0a000,
0x000001eb36c0f000, 0x000001eb36c0c800, 0x000001eb36c0d800
}

Java Threads: ( => current thread )
  0x000001eb1a235000 JavaThread "main" [_thread_blocked, id=13252, stack(0x0000002825000000,0x0000002825100000)]
  0x000001eb35a8c800 JavaThread "Reference Handler" daemon [_thread_blocked, id=11348, stack(0x0000002825700000,0x0000002825800000)]
  0x000001eb35a98000 JavaThread "Finalizer" daemon [_thread_blocked, id=14704, stack(0x0000002825800000,0x0000002825900000)]
  0x000001eb35aa7000 JavaThread "Signal Dispatcher" daemon [_thread_blocked, id=18440, stack(0x0000002825900000,0x0000002825a00000)]
  0x000001eb35aa9000 JavaThread "Attach Listener" daemon [_thread_blocked, id=19864, stack(0x0000002825a00000,0x0000002825b00000)]
  0x000001eb35aaa800 JavaThread "Service Thread" daemon [_thread_blocked, id=10736, stack(0x0000002825b00000,0x0000002825c00000)]
=>0x000001eb35afa800 JavaThread "C2 CompilerThread0" daemon [_thread_in_native, id=15872, stack(0x0000002825c00000,0x0000002825d00000)]
  0x000001eb35afe000 JavaThread "C1 CompilerThread0" daemon [_thread_blocked, id=15208, stack(0x0000002825d00000,0x0000002825e00000)]
  0x000001eb35b03000 JavaThread "Sweeper thread" daemon [_thread_blocked, id=21428, stack(0x0000002825e00000,0x0000002825f00000)]
  0x000001eb35da2800 JavaThread "Common-Cleaner" daemon [_thread_blocked, id=19064, stack(0x0000002826000000,0x0000002826100000)]
  0x000001eb365ee800 JavaThread "ReaderThread" [_thread_in_native, id=10408, stack(0x0000002826200000,0x0000002826300000)]
  0x000001eb36955000 JavaThread "ForkJoinPool.commonPool-worker-3" daemon [_thread_blocked, id=5304, stack(0x0000002826700000,0x0000002826800000)]
  0x000001eb36955800 JavaThread "ForkJoinPool.commonPool-worker-5" daemon [_thread_blocked, id=12504, stack(0x0000002826800000,0x0000002826900000)]
  0x000001eb36c3b000 JavaThread "AsyncHttpClient-1-1" daemon [_thread_blocked, id=5188, stack(0x0000002826a00000,0x0000002826b00000)]
  0x000001eb376d7800 JavaThread "Exec Default Executor" daemon [_thread_in_native, id=20164, stack(0x0000002826900000,0x0000002826a00000)]
  0x000001eb35eb6000 JavaThread "Driver Service Executor" daemon [_thread_blocked, id=12896, stack(0x0000002826b00000,0x0000002826c00000)]
  0x000001eb35ea0000 JavaThread "Driver Service Executor" daemon [_thread_blocked, id=7544, stack(0x0000002826c00000,0x0000002826d00000)]
  0x000001eb36374000 JavaThread "UrlChecker-2" daemon [_thread_blocked, id=19548, stack(0x0000002826d00000,0x0000002826e00000)]
  0x000001eb365e3000 JavaThread "Exec Stream Pumper" daemon [_thread_in_native, id=18148, stack(0x0000002826e00000,0x0000002826f00000)]
  0x000001eb36c0a000 JavaThread "Exec Stream Pumper" daemon [_thread_in_native, id=10756, stack(0x0000002826f00000,0x0000002827000000)]
  0x000001eb36c0f000 JavaThread "AsyncHttpClient-1-2" daemon [_thread_in_native, id=9576, stack(0x0000002827100000,0x0000002827200000)]
  0x000001eb36c0c800 JavaThread "AsyncHttpClient-1-3" daemon [_thread_in_native, id=7176, stack(0x0000002827200000,0x0000002827300000)]
  0x000001eb36c0d800 JavaThread "AsyncHttpClient-1-4" daemon [_thread_in_native, id=21892, stack(0x0000002827300000,0x0000002827400000)]

Other Threads:
  0x000001eb35a68000 VMThread "VM Thread" [stack: 0x0000002825600000,0x0000002825700000] [id=22460]
  0x000001eb35d95800 WatcherThread [stack: 0x0000002825f00000,0x0000002826000000] [id=11748]
  0x000001eb1a24a800 GCTaskThread "GC Thread#0" [stack: 0x0000002825100000,0x0000002825200000] [id=724]
  0x000001eb3687d800 GCTaskThread "GC Thread#1" [stack: 0x0000002826300000,0x0000002826400000] [id=8236]
  0x000001eb3680f000 GCTaskThread "GC Thread#2" [stack: 0x0000002826400000,0x0000002826500000] [id=296]
  0x000001eb3681c000 GCTaskThread "GC Thread#3" [stack: 0x0000002826500000,0x0000002826600000] [id=13392]
  0x000001eb1a267800 ConcurrentGCThread "G1 Main Marker" [stack: 0x0000002825200000,0x0000002825300000] [id=18764]
  0x000001eb1a26a000 ConcurrentGCThread "G1 Conc#0" [stack: 0x0000002825300000,0x0000002825400000] [id=15084]
  0x000001eb1a2c3000 ConcurrentGCThread "G1 Refine#0" [stack: 0x0000002825400000,0x0000002825500000] [id=18844]
  0x000001eb35e6d000 ConcurrentGCThread "G1 Refine#1" [stack: 0x0000002826600000,0x0000002826700000] [id=1056]
  0x000001eb1a2c5000 ConcurrentGCThread "G1 Young RemSet Sampling" [stack: 0x0000002825500000,0x0000002825600000] [id=15520]

Threads with active compile tasks:
C2 CompilerThread0  25577 2468       4       jdk.internal.org.objectweb.asm.ClassWriter::newStringishItem (68 bytes)

VM state:at safepoint (normal execution)

VM Mutex/Monitor currently owned by a thread:  ([mutex/lock_event])
[0x000001eb1a233160] Threads_lock - owner thread: 0x000001eb35a68000
[0x000001eb1a232860] Heap_lock - owner thread: 0x000001eb1a235000

Heap address: 0x00000000c1800000, size: 1000 MB, Compressed Oops mode: 32-bit
Narrow klass base: 0x0000000000000000, Narrow klass shift: 3
Compressed class space size: 1073741824 Address: 0x0000000100000000

Heap:
 garbage-first heap   total 65536K, used 18805K [0x00000000c1800000, 0x0000000100000000)
  region size 1024K, 3 young (3072K), 3 survivors (3072K)
 Metaspace       used 36290K, capacity 37186K, committed 37200K, reserved 1105920K
  class space    used 4276K, capacity 4674K, committed 4688K, reserved 1048576K
Heap Regions: E=young(eden), S=young(survivor), O=old, HS=humongous(starts), HC=humongous(continues), CS=collection set, F=free, A=archive, TAMS=top-at-mark-start (previous, next)
|   0|0x00000000c1800000, 0x00000000c1900000, 0x00000000c1900000|100%| O|  |TAMS 0x00000000c1900000, 0x00000000c1900000| Untracked 
|   1|0x00000000c1900000, 0x00000000c1a00000, 0x00000000c1a00000|100%| O|  |TAMS 0x00000000c1a00000, 0x00000000c1a00000| Untracked 
|   2|0x00000000c1a00000, 0x00000000c1b00000, 0x00000000c1b00000|100%| O|  |TAMS 0x00000000c1b00000, 0x00000000c1b00000| Untracked 
|   3|0x00000000c1b00000, 0x00000000c1c00000, 0x00000000c1c00000|100%| O|  |TAMS 0x00000000c1c00000, 0x00000000c1c00000| Untracked 
|   4|0x00000000c1c00000, 0x00000000c1d00000, 0x00000000c1d00000|100%| O|  |TAMS 0x00000000c1d00000, 0x00000000c1d00000| Untracked 
|   5|0x00000000c1d00000, 0x00000000c1e00000, 0x00000000c1e00000|100%| O|  |TAMS 0x00000000c1e00000, 0x00000000c1e00000| Untracked 
|   6|0x00000000c1e00000, 0x00000000c1f00000, 0x00000000c1f00000|100%| O|  |TAMS 0x00000000c1f00000, 0x00000000c1f00000| Untracked 
|   7|0x00000000c1f00000, 0x00000000c2000000, 0x00000000c2000000|100%|HS|  |TAMS 0x00000000c2000000, 0x00000000c2000000| Complete 
|   8|0x00000000c2000000, 0x00000000c2100000, 0x00000000c2100000|100%|HC|  |TAMS 0x00000000c2100000, 0x00000000c2100000| Complete 
|   9|0x00000000c2100000, 0x00000000c2200000, 0x00000000c2200000|100%|HC|  |TAMS 0x00000000c2200000, 0x00000000c2200000| Complete 
|  10|0x00000000c2200000, 0x00000000c2300000, 0x00000000c2300000|100%|HC|  |TAMS 0x00000000c2300000, 0x00000000c2300000| Complete 
|  11|0x00000000c2300000, 0x00000000c2400000, 0x00000000c2400000|100%|HC|  |TAMS 0x00000000c2400000, 0x00000000c2400000| Complete 
|  12|0x00000000c2400000, 0x00000000c2500000, 0x00000000c2500000|100%| O|  |TAMS 0x00000000c2500000, 0x00000000c2500000| Untracked 
|  13|0x00000000c2500000, 0x00000000c2600000, 0x00000000c2600000|100%| O|  |TAMS 0x00000000c2600000, 0x00000000c2600000| Untracked 
|  14|0x00000000c2600000, 0x00000000c2700000, 0x00000000c2700000|100%| O|  |TAMS 0x00000000c2700000, 0x00000000c2700000| Untracked 
|  15|0x00000000c2700000, 0x00000000c2800000, 0x00000000c2800000|100%| O|  |TAMS 0x00000000c2800000, 0x00000000c2800000| Untracked 
|  16|0x00000000c2800000, 0x00000000c2812400, 0x00000000c2900000|  7%| O|  |TAMS 0x00000000c2812400, 0x00000000c2812400| Untracked 
|  17|0x00000000c2900000, 0x00000000c2900000, 0x00000000c2a00000|  0%| F|  |TAMS 0x00000000c2900000, 0x00000000c2900000| Untracked 
|  18|0x00000000c2a00000, 0x00000000c2a00000, 0x00000000c2b00000|  0%| F|  |TAMS 0x00000000c2a00000, 0x00000000c2a00000| Untracked 
|  19|0x00000000c2b00000, 0x00000000c2b00000, 0x00000000c2c00000|  0%| F|  |TAMS 0x00000000c2b00000, 0x00000000c2b00000| Untracked 
|  20|0x00000000c2c00000, 0x00000000c2c00000, 0x00000000c2d00000|  0%| F|  |TAMS 0x00000000c2c00000, 0x00000000c2c00000| Untracked 
|  21|0x00000000c2d00000, 0x00000000c2d00000, 0x00000000c2e00000|  0%| F|  |TAMS 0x00000000c2d00000, 0x00000000c2d00000| Untracked 
|  22|0x00000000c2e00000, 0x00000000c2e00000, 0x00000000c2f00000|  0%| F|  |TAMS 0x00000000c2e00000, 0x00000000c2e00000| Untracked 
|  23|0x00000000c2f00000, 0x00000000c2f00000, 0x00000000c3000000|  0%| F|  |TAMS 0x00000000c2f00000, 0x00000000c2f00000| Untracked 
|  24|0x00000000c3000000, 0x00000000c3000000, 0x00000000c3100000|  0%| F|  |TAMS 0x00000000c3000000, 0x00000000c3000000| Untracked 
|  25|0x00000000c3100000, 0x00000000c3100000, 0x00000000c3200000|  0%| F|  |TAMS 0x00000000c3100000, 0x00000000c3100000| Untracked 
|  26|0x00000000c3200000, 0x00000000c3200000, 0x00000000c3300000|  0%| F|  |TAMS 0x00000000c3200000, 0x00000000c3200000| Untracked 
|  27|0x00000000c3300000, 0x00000000c3300000, 0x00000000c3400000|  0%| F|  |TAMS 0x00000000c3300000, 0x00000000c3300000| Untracked 
|  28|0x00000000c3400000, 0x00000000c3400000, 0x00000000c3500000|  0%| F|  |TAMS 0x00000000c3400000, 0x00000000c3400000| Untracked 
|  29|0x00000000c3500000, 0x00000000c3500000, 0x00000000c3600000|  0%| F|  |TAMS 0x00000000c3500000, 0x00000000c3500000| Untracked 
|  30|0x00000000c3600000, 0x00000000c3600000, 0x00000000c3700000|  0%| F|  |TAMS 0x00000000c3600000, 0x00000000c3600000| Untracked 
|  31|0x00000000c3700000, 0x00000000c3700000, 0x00000000c3800000|  0%| F|  |TAMS 0x00000000c3700000, 0x00000000c3700000| Untracked 
|  32|0x00000000c3800000, 0x00000000c3800000, 0x00000000c3900000|  0%| F|  |TAMS 0x00000000c3800000, 0x00000000c3800000| Untracked 
|  33|0x00000000c3900000, 0x00000000c3900000, 0x00000000c3a00000|  0%| F|  |TAMS 0x00000000c3900000, 0x00000000c3900000| Untracked 
|  34|0x00000000c3a00000, 0x00000000c3a00000, 0x00000000c3b00000|  0%| F|  |TAMS 0x00000000c3a00000, 0x00000000c3a00000| Untracked 
|  35|0x00000000c3b00000, 0x00000000c3b00000, 0x00000000c3c00000|  0%| F|  |TAMS 0x00000000c3b00000, 0x00000000c3b00000| Untracked 
|  36|0x00000000c3c00000, 0x00000000c3c00000, 0x00000000c3d00000|  0%| F|  |TAMS 0x00000000c3c00000, 0x00000000c3c00000| Untracked 
|  37|0x00000000c3d00000, 0x00000000c3d00000, 0x00000000c3e00000|  0%| F|  |TAMS 0x00000000c3d00000, 0x00000000c3d00000| Untracked 
|  38|0x00000000c3e00000, 0x00000000c3e00000, 0x00000000c3f00000|  0%| F|  |TAMS 0x00000000c3e00000, 0x00000000c3e00000| Untracked 
|  39|0x00000000c3f00000, 0x00000000c3f00000, 0x00000000c4000000|  0%| F|  |TAMS 0x00000000c3f00000, 0x00000000c3f00000| Untracked 
|  40|0x00000000c4000000, 0x00000000c4000000, 0x00000000c4100000|  0%| F|  |TAMS 0x00000000c4000000, 0x00000000c4000000| Untracked 
|  41|0x00000000c4100000, 0x00000000c4100000, 0x00000000c4200000|  0%| F|  |TAMS 0x00000000c4100000, 0x00000000c4100000| Untracked 
|  42|0x00000000c4200000, 0x00000000c4200000, 0x00000000c4300000|  0%| F|  |TAMS 0x00000000c4200000, 0x00000000c4200000| Untracked 
|  43|0x00000000c4300000, 0x00000000c4300000, 0x00000000c4400000|  0%| F|  |TAMS 0x00000000c4300000, 0x00000000c4300000| Untracked 
|  44|0x00000000c4400000, 0x00000000c4400000, 0x00000000c4500000|  0%| F|  |TAMS 0x00000000c4400000, 0x00000000c4400000| Untracked 
|  45|0x00000000c4500000, 0x00000000c4500000, 0x00000000c4600000|  0%| F|  |TAMS 0x00000000c4500000, 0x00000000c4500000| Untracked 
|  46|0x00000000c4600000, 0x00000000c4600000, 0x00000000c4700000|  0%| F|  |TAMS 0x00000000c4600000, 0x00000000c4600000| Untracked 
|  47|0x00000000c4700000, 0x00000000c4700000, 0x00000000c4800000|  0%| F|  |TAMS 0x00000000c4700000, 0x00000000c4700000| Untracked 
|  48|0x00000000c4800000, 0x00000000c4800000, 0x00000000c4900000|  0%| F|  |TAMS 0x00000000c4800000, 0x00000000c4800000| Untracked 
|  49|0x00000000c4900000, 0x00000000c4900000, 0x00000000c4a00000|  0%| F|  |TAMS 0x00000000c4900000, 0x00000000c4900000| Untracked 
|  50|0x00000000c4a00000, 0x00000000c4a00000, 0x00000000c4b00000|  0%| F|  |TAMS 0x00000000c4a00000, 0x00000000c4a00000| Untracked 
|  51|0x00000000c4b00000, 0x00000000c4b00000, 0x00000000c4c00000|  0%| F|  |TAMS 0x00000000c4b00000, 0x00000000c4b00000| Untracked 
|  52|0x00000000c4c00000, 0x00000000c4c00000, 0x00000000c4d00000|  0%| F|  |TAMS 0x00000000c4c00000, 0x00000000c4c00000| Untracked 
|  53|0x00000000c4d00000, 0x00000000c4d00000, 0x00000000c4e00000|  0%| F|  |TAMS 0x00000000c4d00000, 0x00000000c4d00000| Untracked 
|  54|0x00000000c4e00000, 0x00000000c4e00000, 0x00000000c4f00000|  0%| F|  |TAMS 0x00000000c4e00000, 0x00000000c4e00000| Untracked 
|  55|0x00000000c4f00000, 0x00000000c4f4b198, 0x00000000c5000000| 29%| S|CS|TAMS 0x00000000c4f00000, 0x00000000c4f00000| Complete 
|  56|0x00000000c5000000, 0x00000000c5100000, 0x00000000c5100000|100%| S|CS|TAMS 0x00000000c5000000, 0x00000000c5000000| Complete 
|  57|0x00000000c5100000, 0x00000000c5200000, 0x00000000c5200000|100%| S|CS|TAMS 0x00000000c5100000, 0x00000000c5100000| Complete 
|  58|0x00000000c5200000, 0x00000000c5200000, 0x00000000c5300000|  0%| F|  |TAMS 0x00000000c5200000, 0x00000000c5200000| Untracked 
|  59|0x00000000c5300000, 0x00000000c5300000, 0x00000000c5400000|  0%| F|  |TAMS 0x00000000c5300000, 0x00000000c5300000| Untracked 
|  60|0x00000000c5400000, 0x00000000c5400000, 0x00000000c5500000|  0%| F|  |TAMS 0x00000000c5400000, 0x00000000c5400000| Untracked 
|  61|0x00000000c5500000, 0x00000000c5500000, 0x00000000c5600000|  0%| F|  |TAMS 0x00000000c5500000, 0x00000000c5500000| Untracked 
|  62|0x00000000c5600000, 0x00000000c5600000, 0x00000000c5700000|  0%| F|  |TAMS 0x00000000c5600000, 0x00000000c5600000| Untracked 
|  63|0x00000000c5700000, 0x00000000c5700000, 0x00000000c5800000|  0%| F|  |TAMS 0x00000000c5700000, 0x00000000c5700000| Untracked 

Card table byte_map: [0x000001eb30ab0000,0x000001eb30cb0000] _byte_map_base: 0x000001eb304a4000

Marking Bits (Prev, Next): (CMBitMap*) 0x000001eb1a262d48, (CMBitMap*) 0x000001eb1a262d80
 Prev Bits: [0x000001eb30eb0000, 0x000001eb31e50000)
 Next Bits: [0x000001eb31e50000, 0x000001eb32df0000)

Polling page: 0x000001eb183e0000

Metaspace:

Usage:
  Non-class:     31.75 MB capacity,    31.26 MB ( 98%) used,   391.35 KB (  1%) free+waste,   106.38 KB ( <1%) overhead. 
      Class:      4.56 MB capacity,     4.18 MB ( 91%) used,   341.41 KB (  7%) free+waste,    56.25 KB (  1%) overhead. 
       Both:     36.31 MB capacity,    35.44 MB ( 98%) used,   732.77 KB (  2%) free+waste,   162.63 KB ( <1%) overhead. 

Virtual space:
  Non-class space:       56.00 MB reserved,      31.75 MB ( 57%) committed 
      Class space:        1.00 GB reserved,       4.58 MB ( <1%) committed 
             Both:        1.05 GB reserved,      36.33 MB (  3%) committed 

Chunk freelists:
   Non-Class:  0 bytes
       Class:  0 bytes
        Both:  0 bytes

CodeHeap 'non-profiled nmethods': size=120064Kb used=1133Kb max_used=1133Kb free=118930Kb
 bounds [0x000001eb29370000, 0x000001eb295e0000, 0x000001eb308b0000]
CodeHeap 'profiled nmethods': size=120000Kb used=4990Kb max_used=4990Kb free=115010Kb
 bounds [0x000001eb21e40000, 0x000001eb22320000, 0x000001eb29370000]
CodeHeap 'non-nmethods': size=5696Kb used=1218Kb max_used=1263Kb free=4477Kb
 bounds [0x000001eb218b0000, 0x000001eb21b20000, 0x000001eb21e40000]
 total_blobs=3045 nmethods=2457 adapters=499
 compilation: enabled
              stopped_count=0, restarted_count=0
 full_count=0

Compilation events (10 events):
Event: 24.790 Thread 0x000001eb35afa800 2465   !   4       java.util.zip.ZipFile$ZipFileInputStream::close (59 bytes)
Event: 24.793 Thread 0x000001eb35afe000 nmethod 2466 0x000001eb22319610 code [0x000001eb223199e0, 0x000001eb2231b148]
Event: 24.818 Thread 0x000001eb35afa800 nmethod 2465 0x000001eb2948a510 code [0x000001eb2948a6c0, 0x000001eb2948ae58]
Event: 25.007 Thread 0x000001eb35afa800 2467       4       jdk.internal.org.objectweb.asm.ByteVector::putInt (74 bytes)
Event: 25.010 Thread 0x000001eb35afa800 nmethod 2467 0x000001eb2948b310 code [0x000001eb2948b4a0, 0x000001eb2948b5d8]
Event: 25.022 Thread 0x000001eb35afa800 2468       4       jdk.internal.org.objectweb.asm.ClassWriter::newStringishItem (68 bytes)
Event: 25.023 Thread 0x000001eb35afe000 2469       3       java.lang.invoke.LambdaFormEditor$Transform::of (49 bytes)
Event: 25.024 Thread 0x000001eb35afe000 nmethod 2469 0x000001eb2231bb10 code [0x000001eb2231bd60, 0x000001eb2231c638]
Event: 25.024 Thread 0x000001eb35afe000 2470       3       java.lang.invoke.LambdaFormEditor$Transform::packedBytes (32 bytes)
Event: 25.024 Thread 0x000001eb35afe000 nmethod 2470 0x000001eb2231c990 code [0x000001eb2231cb20, 0x000001eb2231cc18]

GC Heap History (10 events):
Event: 9.186 GC heap before
{Heap before GC invocations=6 (full 0):
 garbage-first heap   total 65536K, used 39816K [0x00000000c1800000, 0x0000000100000000)
  region size 1024K, 33 young (33792K), 3 survivors (3072K)
 Metaspace       used 28260K, capacity 28986K, committed 29184K, reserved 1075200K
  class space    used 3243K, capacity 3530K, committed 3584K, reserved 1048576K
}
Event: 9.210 GC heap after
{Heap after GC invocations=7 (full 0):
 garbage-first heap   total 65536K, used 11536K [0x00000000c1800000, 0x0000000100000000)
  region size 1024K, 5 young (5120K), 5 survivors (5120K)
 Metaspace       used 28260K, capacity 28986K, committed 29184K, reserved 1075200K
  class space    used 3243K, capacity 3530K, committed 3584K, reserved 1048576K
}
Event: 23.848 GC heap before
{Heap before GC invocations=7 (full 0):
 garbage-first heap   total 65536K, used 48400K [0x00000000c1800000, 0x0000000100000000)
  region size 1024K, 36 young (36864K), 5 survivors (5120K)
 Metaspace       used 33465K, capacity 34340K, committed 34560K, reserved 1079296K
  class space    used 3929K, capacity 4271K, committed 4352K, reserved 1048576K
}
Event: 23.874 GC heap after
{Heap after GC invocations=8 (full 0):
 garbage-first heap   total 65536K, used 18302K [0x00000000c1800000, 0x0000000100000000)
  region size 1024K, 5 young (5120K), 5 survivors (5120K)
 Metaspace       used 33465K, capacity 34340K, committed 34560K, reserved 1079296K
  class space    used 3929K, capacity 4271K, committed 4352K, reserved 1048576K
}
Event: 24.543 GC heap before
{Heap before GC invocations=8 (full 0):
 garbage-first heap   total 65536K, used 28542K [0x00000000c1800000, 0x0000000100000000)
  region size 1024K, 16 young (16384K), 5 survivors (5120K)
 Metaspace       used 35076K, capacity 35952K, committed 36048K, reserved 1081344K
  class space    used 4101K, capacity 4489K, committed 4560K, reserved 1048576K
}
Event: 24.554 GC heap after
{Heap after GC invocations=9 (full 0):
 garbage-first heap   total 65536K, used 18901K [0x00000000c1800000, 0x0000000100000000)
  region size 1024K, 3 young (3072K), 3 survivors (3072K)
 Metaspace       used 35076K, capacity 35952K, committed 36048K, reserved 1081344K
  class space    used 4101K, capacity 4489K, committed 4560K, reserved 1048576K
}
Event: 24.915 GC heap before
{Heap before GC invocations=10 (full 0):
 garbage-first heap   total 65536K, used 25045K [0x00000000c1800000, 0x0000000100000000)
  region size 1024K, 10 young (10240K), 3 survivors (3072K)
 Metaspace       used 35702K, capacity 36551K, committed 36688K, reserved 1087488K
  class space    used 4192K, capacity 4564K, committed 4688K, reserved 1048576K
}
Event: 24.925 GC heap after
{Heap after GC invocations=11 (full 0):
 garbage-first heap   total 65536K, used 18747K [0x00000000c1800000, 0x0000000100000000)
  region size 1024K, 3 young (3072K), 3 survivors (3072K)
 Metaspace       used 35702K, capacity 36551K, committed 36688K, reserved 1087488K
  class space    used 4192K, capacity 4564K, committed 4688K, reserved 1048576K
}
Event: 24.995 GC heap before
{Heap before GC invocations=12 (full 0):
 garbage-first heap   total 65536K, used 19771K [0x00000000c1800000, 0x0000000100000000)
  region size 1024K, 5 young (5120K), 3 survivors (3072K)
 Metaspace       used 35969K, capacity 36866K, committed 36944K, reserved 1095680K
  class space    used 4222K, capacity 4610K, committed 4688K, reserved 1048576K
}
Event: 25.001 GC heap after
{Heap after GC invocations=13 (full 0):
 garbage-first heap   total 65536K, used 18714K [0x00000000c1800000, 0x0000000100000000)
  region size 1024K, 3 young (3072K), 3 survivors (3072K)
 Metaspace       used 35969K, capacity 36866K, committed 36944K, reserved 1095680K
  class space    used 4222K, capacity 4610K, committed 4688K, reserved 1048576K
}

Deoptimization events (10 events):
Event: 8.299 Thread 0x000001eb36374000 Uncommon trap: reason=unstable_if action=reinterpret pc=0x000001eb294184c4 method=java.lang.CharacterDataLatin1.digit(II)I @ 12 c2
Event: 8.972 Thread 0x000001eb1a235000 Uncommon trap: reason=unstable_if action=reinterpret pc=0x000001eb293c6124 method=jdk.internal.org.objectweb.asm.Type.getArgumentsAndReturnSizes(Ljava/lang/String;)I @ 41 c2
Event: 9.344 Thread 0x000001eb1a235000 Uncommon trap: reason=unstable_if action=reinterpret pc=0x000001eb29416f38 method=java.util.regex.Pattern$BmpCharProperty.match(Ljava/util/regex/Matcher;ILjava/lang/CharSequence;)Z @ 39 c2
Event: 18.088 Thread 0x000001eb1a235000 Uncommon trap: reason=unstable_if action=reinterpret pc=0x000001eb293cf6a0 method=java.util.concurrent.ConcurrentHashMap.putVal(Ljava/lang/Object;Ljava/lang/Object;Z)Ljava/lang/Object; @ 231 c2
Event: 18.825 Thread 0x000001eb36c0f000 Uncommon trap: reason=unstable_if action=reinterpret pc=0x000001eb2942b254 method=java.io.ByteArrayInputStream.read()I @ 8 c2
Event: 23.329 Thread 0x000001eb1a235000 Uncommon trap: reason=profile_predicate action=maybe_recompile pc=0x000001eb2946bba4 method=java.lang.PublicMethods$MethodList.filter([Ljava/lang/reflect/Method;Ljava/lang/String;[Ljava/lang/Class;Z)Ljava/lang/PublicMethods$MethodList; @ 21 c2
Event: 23.330 Thread 0x000001eb1a235000 Uncommon trap: reason=profile_predicate action=maybe_recompile pc=0x000001eb2946bba4 method=java.lang.PublicMethods$MethodList.filter([Ljava/lang/reflect/Method;Ljava/lang/String;[Ljava/lang/Class;Z)Ljava/lang/PublicMethods$MethodList; @ 21 c2
Event: 23.330 Thread 0x000001eb1a235000 Uncommon trap: reason=profile_predicate action=maybe_recompile pc=0x000001eb2946bba4 method=java.lang.PublicMethods$MethodList.filter([Ljava/lang/reflect/Method;Ljava/lang/String;[Ljava/lang/Class;Z)Ljava/lang/PublicMethods$MethodList; @ 21 c2
Event: 23.458 Thread 0x000001eb1a235000 Uncommon trap: reason=profile_predicate action=maybe_recompile pc=0x000001eb2946bba4 method=java.lang.PublicMethods$MethodList.filter([Ljava/lang/reflect/Method;Ljava/lang/String;[Ljava/lang/Class;Z)Ljava/lang/PublicMethods$MethodList; @ 21 c2
Event: 24.344 Thread 0x000001eb1a235000 Uncommon trap: reason=unstable_if action=reinterpret pc=0x000001eb294150a0 method=java.util.regex.Pattern$BmpCharProperty.match(Ljava/util/regex/Matcher;ILjava/lang/CharSequence;)Z @ 39 c2

Classes redefined (0 events):
No events

Internal exceptions (10 events):
Event: 8.974 Thread 0x000001eb1a235000 Exception <a 'java/lang/NoSuchMethodError'{0x00000000c39650e8}: java.lang.invoke.DirectMethodHandle$Holder.invokeVirtual(Ljava/lang/Object;Ljava/lang/Object;)J> (0x00000000c39650e8) thrown at [./open/src/hotspot/share/interpreter/linkResolver.cpp, line 77
Event: 9.107 Thread 0x000001eb1a235000 Exception <a 'java/lang/NoSuchMethodError'{0x00000000c38df000}: java.lang.invoke.DirectMethodHandle$Holder.invokeStatic(Ljava/lang/Object;Ljava/lang/Object;I)V> (0x00000000c38df000) thrown at [./open/src/hotspot/share/interpreter/linkResolver.cpp, line 77
Event: 9.246 Thread 0x000001eb1a235000 Exception <a 'java/lang/NoSuchMethodError'{0x00000000c57bd1f8}: java.lang.invoke.DirectMethodHandle$Holder.invokeSpecialIFC(Ljava/lang/Object;Ljava/lang/Object;Ljava/lang/Object;)I> (0x00000000c57bd1f8) thrown at [./open/src/hotspot/share/interpreter/link
Event: 9.549 Thread 0x000001eb1a235000 Exception <a 'java/lang/NoSuchMethodError'{0x00000000c5267a98}: java.lang.invoke.DirectMethodHandle$Holder.invokeSpecial(Ljava/lang/Object;Ljava/lang/Object;Ljava/lang/Object;Ljava/lang/Object;Ljava/lang/Object;Ljava/lang/Object;)V> (0x00000000c5267a98) t
Event: 17.992 Thread 0x000001eb1a235000 Exception <a 'java/lang/NoSuchMethodError'{0x00000000c45bf370}: java.lang.invoke.DirectMethodHandle$Holder.invokeSpecialIFC(Ljava/lang/Object;Ljava/lang/Object;Ljava/lang/Object;)Ljava/lang/Object;> (0x00000000c45bf370) thrown at [./open/src/hotspot/share
Event: 18.048 Thread 0x000001eb1a235000 Exception <a 'java/lang/ClassNotFoundException'{0x00000000c44bba20}: sun/util/logging/resources/spi/loggingProvider> (0x00000000c44bba20) thrown at [./open/src/hotspot/share/classfile/systemDictionary.cpp, line 226]
Event: 24.174 Thread 0x000001eb1a235000 Exception <a 'java/lang/NoSuchMethodError'{0x00000000c526bbe0}: java.lang.invoke.DirectMethodHandle$Holder.invokeVirtual(Ljava/lang/Object;Ljava/lang/Object;Ljava/lang/Object;Ljava/lang/Object;)V> (0x00000000c526bbe0) thrown at [./open/src/hotspot/share/i
Event: 24.210 Thread 0x000001eb1a235000 Exception <a 'java/lang/NoSuchMethodError'{0x00000000c52b4070}: java.lang.invoke.DirectMethodHandle$Holder.invokeStatic(Ljava/lang/Object;Ljava/lang/Object;Ljava/lang/Object;I)V> (0x00000000c52b4070) thrown at [./open/src/hotspot/share/interpreter/linkRes
Event: 24.210 Thread 0x000001eb1a235000 Exception <a 'java/lang/NoSuchMethodError'{0x00000000c52b70c8}: java.lang.invoke.DirectMethodHandle$Holder.invokeStaticInit(Ljava/lang/Object;Ljava/lang/Object;Ljava/lang/Object;I)V> (0x00000000c52b70c8) thrown at [./open/src/hotspot/share/interpreter/lin
Event: 24.664 Thread 0x000001eb1a235000 Exception <a 'java/lang/NoSuchMethodError'{0x00000000c5655540}: java.lang.invoke.DirectMethodHandle$Holder.invokeStaticInit(Ljava/lang/Object;Ljava/lang/Object;II)Ljava/lang/Object;> (0x00000000c5655540) thrown at [./open/src/hotspot/share/interpreter/lin

Events (10 events):
Event: 25.067 loading class org/apache/poi/ooxml/POIXMLRelation$PackagePartConstructor
Event: 25.067 loading class org/apache/poi/ooxml/POIXMLRelation$PackagePartConstructor done
Event: 25.068 loading class org/apache/poi/xwpf/usermodel/XWPFHeader
Event: 25.068 loading class org/apache/poi/xwpf/usermodel/XWPFHeader done
Event: 25.069 loading class org/apache/poi/xwpf/usermodel/XWPFHeaderFooter
Event: 25.069 loading class org/apache/poi/xwpf/usermodel/XWPFHeaderFooter done
Event: 25.071 loading class org/apache/poi/xwpf/usermodel/IBody
Event: 25.071 loading class org/apache/poi/xwpf/usermodel/IBody done
Event: 25.072 loading class org/apache/poi/xwpf/usermodel/XWPFFactory
Event: 25.072 loading class org/apache/poi/xwpf/usermodel/XWPFFactory done


Dynamic libraries:
0x00007ff71af30000 - 0x00007ff71af3f000 	C:\Program Files\Java\jdk-11.0.14\bin\javaw.exe
0x00007ff9747b0000 - 0x00007ff9749a6000 	C:\Windows\SYSTEM32\ntdll.dll
0x00007ff9743e0000 - 0x00007ff97449d000 	C:\Windows\System32\KERNEL32.DLL
0x00007ff972420000 - 0x00007ff9726e8000 	C:\Windows\System32\KERNELBASE.dll
0x00007ff972320000 - 0x00007ff972420000 	C:\Windows\System32\ucrtbase.dll
0x00007ff96f920000 - 0x00007ff96f935000 	C:\Program Files\Java\jdk-11.0.14\bin\VCRUNTIME140.dll
0x00007ff96f3f0000 - 0x00007ff96f408000 	C:\Program Files\Java\jdk-11.0.14\bin\jli.dll
0x00007ff972f20000 - 0x00007ff972fca000 	C:\Windows\System32\ADVAPI32.dll
0x00007ff9730b0000 - 0x00007ff97314e000 	C:\Windows\System32\msvcrt.dll
0x00007ff9744a0000 - 0x00007ff97453b000 	C:\Windows\System32\sechost.dll
0x00007ff973320000 - 0x00007ff973444000 	C:\Windows\System32\RPCRT4.dll
0x00007ff973150000 - 0x00007ff9732f0000 	C:\Windows\System32\USER32.dll
0x00007ff971f00000 - 0x00007ff971f22000 	C:\Windows\System32\win32u.dll
0x00007ff964000000 - 0x00007ff96429b000 	C:\Windows\WinSxS\amd64_microsoft.windows.common-controls_6595b64144ccf1df_6.0.19041.488_none_ca04af081b815d21\COMCTL32.dll
0x00007ff973ae0000 - 0x00007ff973b0a000 	C:\Windows\System32\GDI32.dll
0x00007ff972000000 - 0x00007ff972109000 	C:\Windows\System32\gdi32full.dll
0x00007ff972780000 - 0x00007ff97281d000 	C:\Windows\System32\msvcp_win.dll
0x00007ff969120000 - 0x00007ff96912a000 	C:\Windows\SYSTEM32\VERSION.dll
0x00007ff972930000 - 0x00007ff972960000 	C:\Windows\System32\IMM32.DLL
0x00007ff9665e0000 - 0x00007ff96667b000 	C:\Program Files\Java\jdk-11.0.14\bin\msvcp140.dll
0x00007ff9458b0000 - 0x00007ff9463c6000 	C:\Program Files\Java\jdk-11.0.14\bin\server\jvm.dll
0x00007ff9732f0000 - 0x00007ff9732f8000 	C:\Windows\System32\PSAPI.DLL
0x00007ff95f6b0000 - 0x00007ff95f6b9000 	C:\Windows\SYSTEM32\WSOCK32.dll
0x00007ff963d90000 - 0x00007ff963db7000 	C:\Windows\SYSTEM32\WINMM.dll
0x00007ff9746f0000 - 0x00007ff97475b000 	C:\Windows\System32\WS2_32.dll
0x00007ff96fe50000 - 0x00007ff96fe62000 	C:\Windows\SYSTEM32\kernel.appcore.dll
0x00007ff96f910000 - 0x00007ff96f920000 	C:\Program Files\Java\jdk-11.0.14\bin\verify.dll
0x00007ff960da0000 - 0x00007ff960f84000 	C:\Windows\SYSTEM32\DBGHELP.DLL
0x00007ff960d70000 - 0x00007ff960d9c000 	C:\Windows\SYSTEM32\dbgcore.DLL
0x00007ff971f30000 - 0x00007ff971faf000 	C:\Windows\System32\bcryptPrimitives.dll
0x00007ff96bf30000 - 0x00007ff96bf58000 	C:\Program Files\Java\jdk-11.0.14\bin\java.dll
0x00007ff96f750000 - 0x00007ff96f75a000 	C:\Program Files\Java\jdk-11.0.14\bin\jimage.dll
0x00007ff96bf10000 - 0x00007ff96bf26000 	C:\Program Files\Java\jdk-11.0.14\bin\zip.dll
0x00007ff973b70000 - 0x00007ff9742b0000 	C:\Windows\System32\SHELL32.dll
0x00007ff970050000 - 0x00007ff9707e4000 	C:\Windows\SYSTEM32\windows.storage.dll
0x00007ff9734d0000 - 0x00007ff973825000 	C:\Windows\System32\combase.dll
0x00007ff971970000 - 0x00007ff97199c000 	C:\Windows\SYSTEM32\Wldp.dll
0x00007ff972960000 - 0x00007ff972a0e000 	C:\Windows\System32\SHCORE.dll
0x00007ff9728d0000 - 0x00007ff972925000 	C:\Windows\System32\shlwapi.dll
0x00007ff971e30000 - 0x00007ff971e56000 	C:\Windows\SYSTEM32\profapi.dll
0x00007ff96bef0000 - 0x00007ff96bf09000 	C:\Program Files\Java\jdk-11.0.14\bin\net.dll
0x00007ff96cf90000 - 0x00007ff96d090000 	C:\Windows\SYSTEM32\WINHTTP.dll
0x00007ff9716f0000 - 0x00007ff97175a000 	C:\Windows\system32\mswsock.dll
0x00007ff96bcc0000 - 0x00007ff96bcd2000 	C:\Program Files\Java\jdk-11.0.14\bin\nio.dll
0x00007ff9713d0000 - 0x00007ff97149b000 	C:\Windows\SYSTEM32\DNSAPI.dll
0x00007ff971390000 - 0x00007ff9713cb000 	C:\Windows\SYSTEM32\IPHLPAPI.DLL
0x00007ff974760000 - 0x00007ff974769000 	C:\Windows\System32\NSI.dll
0x00007ff9649c0000 - 0x00007ff9649ca000 	C:\Windows\System32\rasadhlp.dll
0x00007ff964dd0000 - 0x00007ff964e4f000 	C:\Windows\System32\fwpuclnt.dll
0x00007ff9726f0000 - 0x00007ff972717000 	C:\Windows\System32\bcrypt.dll
0x00007ff9718c0000 - 0x00007ff9718d8000 	C:\Windows\SYSTEM32\CRYPTSP.dll
0x00007ff971010000 - 0x00007ff971044000 	C:\Windows\system32\rsaenh.dll
0x00007ff971db0000 - 0x00007ff971dde000 	C:\Windows\SYSTEM32\USERENV.dll
0x00007ff9718e0000 - 0x00007ff9718ec000 	C:\Windows\SYSTEM32\CRYPTBASE.dll
0x00007ff96b2a0000 - 0x00007ff96b2b7000 	C:\Windows\SYSTEM32\dhcpcsvc6.DLL
0x00007ff96b3e0000 - 0x00007ff96b3fd000 	C:\Windows\SYSTEM32\dhcpcsvc.DLL
0x00007ff96f6b0000 - 0x00007ff96f6b9000 	C:\Program Files\Java\jdk-11.0.14\bin\management.dll
0x00007ff96e110000 - 0x00007ff96e11b000 	C:\Program Files\Java\jdk-11.0.14\bin\management_ext.dll
0x00007ff9660c0000 - 0x00007ff9660e5000 	C:\Program Files\Java\jdk-11.0.14\bin\sunec.dll
0x00007ff95f520000 - 0x00007ff95f537000 	C:\Windows\system32\napinsp.dll
0x00007ff95f500000 - 0x00007ff95f51b000 	C:\Windows\system32\pnrpnsp.dll
0x00007ff95f4e0000 - 0x00007ff95f4f5000 	C:\Windows\system32\wshbth.dll
0x00007ff96d710000 - 0x00007ff96d72d000 	C:\Windows\system32\NLAapi.dll
0x00007ff95f4c0000 - 0x00007ff95f4d2000 	C:\Windows\System32\winrnr.dll

dbghelp: loaded successfully - version: 4.0.5 - missing functions: none
symbol engine: initialized successfully - sym options: 0x614 - pdb path: .;C:\Program Files\Java\jdk-11.0.14\bin;C:\Windows\SYSTEM32;C:\Windows\WinSxS\amd64_microsoft.windows.common-controls_6595b64144ccf1df_6.0.19041.488_none_ca04af081b815d21;C:\Program Files\Java\jdk-11.0.14\bin\server

VM Arguments:
jvm_args: -ea -Dfile.encoding=Cp1252 
java_command: org.testng.remote.RemoteTestNG -serport 59439 -protocol json -d C:\Users\chavan\eclipse-workspace\zerodha\test-output C:\Users\chavan\AppData\Local\Temp\testng-eclipse--293026780\testng-customsuite.xml
java_class_path (initial): C:\Users\chavan\eclipse\java-2022-03\eclipse\configuration\org.eclipse.osgi\431\0\.cp\lib\testng-remote.jar;C:\Users\chavan\eclipse-workspace\zerodha\target\test-classes;C:\Users\chavan\eclipse-workspace\zerodha\target\classes;C:\Users\chavan\.p2\pool\plugins\org.testng_7.4.0.r202105021533.jar;C:\Users\chavan\.p2\pool\plugins\com.beust.jcommander_1.78.0.jar;C:\Users\chavan\.p2\pool\plugins\org.apache-extras.beanshell.bsh_2.0.0.b6.jar;C:\Users\chavan\.p2\pool\plugins\org.yaml.snakeyaml_1.21.0.jar;C:\Users\chavan\.p2\pool\plugins\org.webjars.jquery_3.5.1.jar;C:\Users\chavan\.m2\repository\org\seleniumhq\selenium\selenium-java\4.3.0\selenium-java-4.3.0.jar;C:\Users\chavan\.m2\repository\org\seleniumhq\selenium\selenium-api\4.3.0\selenium-api-4.3.0.jar;C:\Users\chavan\.m2\repository\org\seleniumhq\selenium\selenium-chrome-driver\4.3.0\selenium-chrome-driver-4.3.0.jar;C:\Users\chavan\.m2\repository\com\google\auto\service\auto-service-annotations\1.0.1\auto-service-annotations-1.0.1.jar;C:\Users\chavan\.m2\repository\com\google\auto\service\auto-service\1.0.1\auto-service-1.0.1.jar;C:\Users\chavan\.m2\repository\com\google\auto\auto-common\1.2\auto-common-1.2.jar;C:\Users\chavan\.m2\repository\com\google\guava\guava\31.1-jre\guava-31.1-jre.jar;C:\Users\chavan\.m2\repository\com\google\guava\failureaccess\1.0.1\failureaccess-1.0.1.jar;C:\Users\chavan\.m2\repository\com\google\guava\listenablefuture\9999.0-empty-to-avoid-conflict-with-guava\listenablefuture-9999.0-empty-to-avoid-conflict-with-guava.jar;C:\Users\chavan\.m2\repository\org\checkerframework\checker-qual\3.12.0\checker-qual-3.12.0.jar;C:\Users\chavan\.m2\repository\com\google\errorprone\error_prone_annotations\2.11.0\error_prone_annotations-2.11.0.jar;C:\Users\chavan\.m2\repository\com\google\j2objc\j2objc-annotations\1.3\j2objc-annotations-1.3.jar;C:\Users\chavan\.m2\repository\org\seleniumhq\selenium\selenium-chromium-driver\4.3.0\selenium-chromium-driver-4.3.0.jar;C:\Users\chavan
Launcher Type: SUN_STANDARD

[Global flags]
     intx CICompilerCount                          = 3                                         {product} {ergonomic}
     uint ConcGCThreads                            = 1                                         {product} {ergonomic}
     uint G1ConcRefinementThreads                  = 4                                         {product} {ergonomic}
   size_t G1HeapRegionSize                         = 1048576                                   {product} {ergonomic}
    uintx GCDrainStackTargetSize                   = 64                                        {product} {ergonomic}
   size_t InitialHeapSize                          = 67108864                                  {product} {ergonomic}
   size_t MarkStackSize                            = 4194304                                   {product} {ergonomic}
   size_t MaxHeapSize                              = 1048576000                                {product} {ergonomic}
   size_t MaxNewSize                               = 629145600                                 {product} {ergonomic}
   size_t MinHeapDeltaBytes                        = 1048576                                   {product} {ergonomic}
    uintx NonNMethodCodeHeapSize                   = 5830732                                {pd product} {ergonomic}
    uintx NonProfiledCodeHeapSize                  = 122913754                              {pd product} {ergonomic}
    uintx ProfiledCodeHeapSize                     = 122913754                              {pd product} {ergonomic}
    uintx ReservedCodeCacheSize                    = 251658240                              {pd product} {ergonomic}
     bool SegmentedCodeCache                       = true                                      {product} {ergonomic}
     bool UseCompressedClassPointers               = true                                 {lp64_product} {ergonomic}
     bool UseCompressedOops                        = true                                 {lp64_product} {ergonomic}
     bool UseG1GC                                  = true                                      {product} {ergonomic}
     bool UseLargePagesIndividualAllocation        = false                                  {pd product} {ergonomic}

Logging:
Log output configuration:
 #0: stdout all=warning uptime,level,tags
 #1: stderr all=off uptime,level,tags

Environment Variables:
PATH=C:\oraclexe\app\oracle\product\11.2.0\server\bin;;C:\Program Files\Common Files\Oracle\Java\javapath;C:\Windows\system32;C:\Windows;C:\Windows\System32\Wbem;C:\Windows\System32\WindowsPowerShell\v1.0\;C:\Windows\System32\OpenSSH\;C:\Windows\IsmFiles;C:\Users\chavan\AppData\Local\Microsoft\WindowsApps;
USERNAME=chavan
OS=Windows_NT
PROCESSOR_IDENTIFIER=Intel64 Family 6 Model 69 Stepping 1, GenuineIntel



---------------  S Y S T E M  ---------------

OS: Windows 10 , 64 bit Build 19041 (10.0.19041.546)

CPU:total 4 (initial active 4) (2 cores per cpu, 2 threads per core) family 6 model 69 stepping 1 microcode 0x25, cmov, cx8, fxsr, mmx, sse, sse2, sse3, ssse3, sse4.1, sse4.2, popcnt, avx, avx2, aes, clmul, erms, lzcnt, ht, tsc, tscinvbit, bmi1, bmi2, fma

Memory: 4k page, system-wide physical 3999M (390M free)
TotalPageFile size 13987M (AvailPageFile size 1M)
current process WorkingSet (physical memory assigned to process): 157M, peak: 181M
current process commit charge ("private bytes"): 198M, peak: 231M

vm_info: Java HotSpot(TM) 64-Bit Server VM (11.0.14+8-LTS-263) for windows-amd64 JRE (11.0.14+8-LTS-263), built on Dec  7 2021 21:53:57 by "mach5one" with MS VC++ 15.9 (VS2017)

END.
