#
# There is insufficient memory for the Java Runtime Environment to continue.
# Native memory allocation (mmap) failed to map 67108864 bytes for Failed to commit area from 0x00000000c1800000 to 0x00000000c5800000 of length 67108864.
# Possible reasons:
#   The system is out of physical RAM or swap space
#   The process is running with CompressedOops enabled, and the Java Heap may be blocking the growth of the native heap
# Possible solutions:
#   Reduce memory load on the system
#   Increase physical memory or swap space
#   Check if swap backing store is full
#   Decrease Java heap size (-Xmx/-Xms)
#   Decrease number of Java threads
#   Decrease Java thread stack sizes (-Xss)
#   Set larger code cache with -XX:ReservedCodeCacheSize=
# This output file may be truncated or incomplete.
#
#  Out of Memory Error (./open/src/hotspot/os/windows/os_windows.cpp:3284), pid=4708, tid=4984
#
# JRE version:  (11.0.14+8) (build )
# Java VM: Java HotSpot(TM) 64-Bit Server VM (11.0.14+8-LTS-263, mixed mode, sharing, tiered, compressed oops, g1 gc, windows-amd64)
# No core dump will be written. Minidumps are not enabled by default on client versions of Windows
#

---------------  S U M M A R Y ------------

Command Line: -ea -Dfile.encoding=Cp1252 org.testng.remote.RemoteTestNG -serport 49922 -protocol json -d C:\Users\chavan\eclipse-workspace\zerodha\test-output C:\Users\chavan\AppData\Local\Temp\testng-eclipse-1542760699\testng-customsuite.xml

Host: Intel(R) Core(TM) i3-4005U CPU @ 1.70GHz, 4 cores, 3G,  Windows 10 , 64 bit Build 19041 (10.0.19041.546)
Time: Wed Jul 27 17:15:00 2022 India Standard Time elapsed time: 0.114952 seconds (0d 0h 0m 0s)

---------------  T H R E A D  ---------------

Current thread (0x000001b45999b800):  JavaThread "Unknown thread" [_thread_in_vm, id=4984, stack(0x0000009043f00000,0x0000009044000000)]

Stack: [0x0000009043f00000,0x0000009044000000]
Native frames: (J=compiled Java code, j=interpreted, Vv=VM code, C=native code)
V  [jvm.dll+0x6296da]
V  [jvm.dll+0x76323f]
V  [jvm.dll+0x7648e9]
V  [jvm.dll+0x764f73]
V  [jvm.dll+0x23d7c8]
V  [jvm.dll+0x626a5a]
V  [jvm.dll+0x61b7f5]
V  [jvm.dll+0x2f262c]
V  [jvm.dll+0x2f24b2]
V  [jvm.dll+0x2f71d6]
V  [jvm.dll+0x339bdf]
V  [jvm.dll+0x339610]
V  [jvm.dll+0x2cfc48]
V  [jvm.dll+0x2d0db6]
V  [jvm.dll+0x73d857]
V  [jvm.dll+0x73f0ef]
V  [jvm.dll+0x346909]
V  [jvm.dll+0x723160]
V  [jvm.dll+0x3b551f]
V  [jvm.dll+0x3b7631]
C  [jli.dll+0x5207]
C  [ucrtbase.dll+0x214c2]
C  [KERNEL32.DLL+0x17034]
C  [ntdll.dll+0x4cec1]


---------------  P R O C E S S  ---------------

Threads class SMR info:
_java_thread_list=0x000001b45989d400, length=0, elements={
}

Java Threads: ( => current thread )

Other Threads:
  0x000001b4599ac000 GCTaskThread "GC Thread#0" [stack: 0x0000009044000000,0x0000009044100000] [id=4112]
  0x000001b4599c9000 ConcurrentGCThread "G1 Main Marker" [stack: 0x0000009044100000,0x0000009044200000] [id=14044]
  0x000001b4599cb000 ConcurrentGCThread "G1 Conc#0" [stack: 0x0000009044200000,0x0000009044300000] [id=12784]

[error occurred during error reporting (printing all threads), id 0xc0000005, EXCEPTION_ACCESS_VIOLATION (0xc0000005) at pc=0x00007ff940b5eed7]

VM state:not at safepoint (not fully initialized)

VM Mutex/Monitor currently owned by a thread:  ([mutex/lock_event])
[0x000001b459996360] Heap_lock - owner thread: 0x000001b45999b800

Heap address: 0x00000000c1800000, size: 1000 MB, Compressed Oops mode: Non-zero based: 0x00000000c1800000
Narrow klass base: 0x0000000000000000, Narrow klass shift: 0

GC Heap History (0 events):
No events

Deoptimization events (0 events):
No events

Classes redefined (0 events):
No events

Internal exceptions (0 events):
No events

Events (0 events):
No events


Dynamic libraries:
0x00007ff779c30000 - 0x00007ff779c3f000 	C:\Program Files\Java\jdk-11.0.14\bin\javaw.exe
0x00007ff9747b0000 - 0x00007ff9749a6000 	C:\Windows\SYSTEM32\ntdll.dll
0x00007ff9743e0000 - 0x00007ff97449d000 	C:\Windows\System32\KERNEL32.DLL
0x00007ff972420000 - 0x00007ff9726e8000 	C:\Windows\System32\KERNELBASE.dll
0x00007ff972320000 - 0x00007ff972420000 	C:\Windows\System32\ucrtbase.dll
0x00007ff96e710000 - 0x00007ff96e728000 	C:\Program Files\Java\jdk-11.0.14\bin\jli.dll
0x00007ff972f20000 - 0x00007ff972fca000 	C:\Windows\System32\ADVAPI32.dll
0x00007ff9730b0000 - 0x00007ff97314e000 	C:\Windows\System32\msvcrt.dll
0x00007ff9744a0000 - 0x00007ff97453b000 	C:\Windows\System32\sechost.dll
0x00007ff96ea40000 - 0x00007ff96ea55000 	C:\Program Files\Java\jdk-11.0.14\bin\VCRUNTIME140.dll
0x00007ff973320000 - 0x00007ff973444000 	C:\Windows\System32\RPCRT4.dll
0x00007ff973150000 - 0x00007ff9732f0000 	C:\Windows\System32\USER32.dll
0x00007ff971f00000 - 0x00007ff971f22000 	C:\Windows\System32\win32u.dll
0x00007ff973ae0000 - 0x00007ff973b0a000 	C:\Windows\System32\GDI32.dll
0x00007ff972000000 - 0x00007ff972109000 	C:\Windows\System32\gdi32full.dll
0x00007ff972780000 - 0x00007ff97281d000 	C:\Windows\System32\msvcp_win.dll
0x00007ff964000000 - 0x00007ff96429b000 	C:\Windows\WinSxS\amd64_microsoft.windows.common-controls_6595b64144ccf1df_6.0.19041.488_none_ca04af081b815d21\COMCTL32.dll
0x00007ff969120000 - 0x00007ff96912a000 	C:\Windows\SYSTEM32\VERSION.dll
0x00007ff972930000 - 0x00007ff972960000 	C:\Windows\System32\IMM32.DLL
0x00007ff958990000 - 0x00007ff958a2b000 	C:\Program Files\Java\jdk-11.0.14\bin\msvcp140.dll
0x00007ff940880000 - 0x00007ff941396000 	C:\Program Files\Java\jdk-11.0.14\bin\server\jvm.dll
0x00007ff9732f0000 - 0x00007ff9732f8000 	C:\Windows\System32\PSAPI.DLL
0x00007ff963d90000 - 0x00007ff963db7000 	C:\Windows\SYSTEM32\WINMM.dll
0x00007ff95f6b0000 - 0x00007ff95f6b9000 	C:\Windows\SYSTEM32\WSOCK32.dll
0x00007ff9746f0000 - 0x00007ff97475b000 	C:\Windows\System32\WS2_32.dll
0x00007ff96fe50000 - 0x00007ff96fe62000 	C:\Windows\SYSTEM32\kernel.appcore.dll
0x00007ff96f940000 - 0x00007ff96f950000 	C:\Program Files\Java\jdk-11.0.14\bin\verify.dll
0x00007ff960da0000 - 0x00007ff960f84000 	C:\Windows\SYSTEM32\DBGHELP.DLL
0x00007ff960d70000 - 0x00007ff960d9c000 	C:\Windows\SYSTEM32\dbgcore.DLL
0x00007ff971f30000 - 0x00007ff971faf000 	C:\Windows\System32\bcryptPrimitives.dll
0x00007ff969d60000 - 0x00007ff969d88000 	C:\Program Files\Java\jdk-11.0.14\bin\java.dll
0x00007ff96f410000 - 0x00007ff96f41a000 	C:\Program Files\Java\jdk-11.0.14\bin\jimage.dll
0x00007ff96d8e0000 - 0x00007ff96d8f6000 	C:\Program Files\Java\jdk-11.0.14\bin\zip.dll

dbghelp: loaded successfully - version: 4.0.5 - missing functions: none
symbol engine: initialized successfully - sym options: 0x614 - pdb path: .;C:\Program Files\Java\jdk-11.0.14\bin;C:\Windows\SYSTEM32;C:\Windows\WinSxS\amd64_microsoft.windows.common-controls_6595b64144ccf1df_6.0.19041.488_none_ca04af081b815d21;C:\Program Files\Java\jdk-11.0.14\bin\server

VM Arguments:
jvm_args: -ea -Dfile.encoding=Cp1252 
java_command: org.testng.remote.RemoteTestNG -serport 49922 -protocol json -d C:\Users\chavan\eclipse-workspace\zerodha\test-output C:\Users\chavan\AppData\Local\Temp\testng-eclipse-1542760699\testng-customsuite.xml
java_class_path (initial): C:\Users\chavan\eclipse\java-2022-03\eclipse\configuration\org.eclipse.osgi\431\0\.cp\lib\testng-remote.jar;C:\Users\chavan\eclipse-workspace\zerodha\target\test-classes;C:\Users\chavan\eclipse-workspace\zerodha\target\classes;C:\Users\chavan\.p2\pool\plugins\org.testng_7.4.0.r202105021533.jar;C:\Users\chavan\.p2\pool\plugins\com.beust.jcommander_1.78.0.jar;C:\Users\chavan\.p2\pool\plugins\org.apache-extras.beanshell.bsh_2.0.0.b6.jar;C:\Users\chavan\.p2\pool\plugins\org.yaml.snakeyaml_1.21.0.jar;C:\Users\chavan\.p2\pool\plugins\org.webjars.jquery_3.5.1.jar;C:\Users\chavan\.m2\repository\org\seleniumhq\selenium\selenium-java\4.3.0\selenium-java-4.3.0.jar;C:\Users\chavan\.m2\repository\org\seleniumhq\selenium\selenium-api\4.3.0\selenium-api-4.3.0.jar;C:\Users\chavan\.m2\repository\org\seleniumhq\selenium\selenium-chrome-driver\4.3.0\selenium-chrome-driver-4.3.0.jar;C:\Users\chavan\.m2\repository\com\google\auto\service\auto-service-annotations\1.0.1\auto-service-annotations-1.0.1.jar;C:\Users\chavan\.m2\repository\com\google\auto\service\auto-service\1.0.1\auto-service-1.0.1.jar;C:\Users\chavan\.m2\repository\com\google\auto\auto-common\1.2\auto-common-1.2.jar;C:\Users\chavan\.m2\repository\com\google\guava\guava\31.1-jre\guava-31.1-jre.jar;C:\Users\chavan\.m2\repository\com\google\guava\failureaccess\1.0.1\failureaccess-1.0.1.jar;C:\Users\chavan\.m2\repository\com\google\guava\listenablefuture\9999.0-empty-to-avoid-conflict-with-guava\listenablefuture-9999.0-empty-to-avoid-conflict-with-guava.jar;C:\Users\chavan\.m2\repository\org\checkerframework\checker-qual\3.12.0\checker-qual-3.12.0.jar;C:\Users\chavan\.m2\repository\com\google\errorprone\error_prone_annotations\2.11.0\error_prone_annotations-2.11.0.jar;C:\Users\chavan\.m2\repository\com\google\j2objc\j2objc-annotations\1.3\j2objc-annotations-1.3.jar;C:\Users\chavan\.m2\repository\org\seleniumhq\selenium\selenium-chromium-driver\4.3.0\selenium-chromium-driver-4.3.0.jar;C:\Users\chavan
Launcher Type: SUN_STANDARD

[Global flags]
     intx CICompilerCount                          = 3                                         {product} {ergonomic}
     uint ConcGCThreads                            = 1                                         {product} {ergonomic}
     uint G1ConcRefinementThreads                  = 4                                         {product} {ergonomic}
   size_t G1HeapRegionSize                         = 1048576                                   {product} {ergonomic}
    uintx GCDrainStackTargetSize                   = 64                                        {product} {ergonomic}
   size_t InitialHeapSize                          = 67108864                                  {product} {ergonomic}
   size_t MarkStackSize                            = 4194304                                   {product} {ergonomic}
   size_t MaxHeapSize                              = 1048576000                                {product} {ergonomic}
   size_t MinHeapDeltaBytes                        = 1048576                                   {product} {ergonomic}
    uintx NonNMethodCodeHeapSize                   = 5830732                                {pd product} {ergonomic}
    uintx NonProfiledCodeHeapSize                  = 122913754                              {pd product} {ergonomic}
    uintx ProfiledCodeHeapSize                     = 122913754                              {pd product} {ergonomic}
    uintx ReservedCodeCacheSize                    = 251658240                              {pd product} {ergonomic}
     bool SegmentedCodeCache                       = true                                      {product} {ergonomic}
     bool UseCompressedClassPointers               = true                                 {lp64_product} {ergonomic}
     bool UseCompressedOops                        = true                                 {lp64_product} {ergonomic}
     bool UseG1GC                                  = true                                      {product} {ergonomic}
     bool UseLargePagesIndividualAllocation        = false                                  {pd product} {ergonomic}

Logging:
Log output configuration:
 #0: stdout all=warning uptime,level,tags
 #1: stderr all=off uptime,level,tags

Environment Variables:
PATH=C:\oraclexe\app\oracle\product\11.2.0\server\bin;;C:\Program Files\Common Files\Oracle\Java\javapath;C:\Windows\system32;C:\Windows;C:\Windows\System32\Wbem;C:\Windows\System32\WindowsPowerShell\v1.0\;C:\Windows\System32\OpenSSH\;C:\Windows\IsmFiles;C:\Users\chavan\AppData\Local\Microsoft\WindowsApps;
USERNAME=chavan
OS=Windows_NT
PROCESSOR_IDENTIFIER=Intel64 Family 6 Model 69 Stepping 1, GenuineIntel



---------------  S Y S T E M  ---------------

OS: Windows 10 , 64 bit Build 19041 (10.0.19041.546)

CPU:total 4 (initial active 4) (2 cores per cpu, 2 threads per core) family 6 model 69 stepping 1 microcode 0x25, cmov, cx8, fxsr, mmx, sse, sse2, sse3, ssse3, sse4.1, sse4.2, popcnt, avx, avx2, aes, clmul, erms, lzcnt, ht, tsc, tscinvbit, bmi1, bmi2, fma

Memory: 4k page, system-wide physical 3999M (335M free)
TotalPageFile size 13987M (AvailPageFile size 41M)
current process WorkingSet (physical memory assigned to process): 9M, peak: 9M
current process commit charge ("private bytes"): 51M, peak: 115M

vm_info: Java HotSpot(TM) 64-Bit Server VM (11.0.14+8-LTS-263) for windows-amd64 JRE (11.0.14+8-LTS-263), built on Dec  7 2021 21:53:57 by "mach5one" with MS VC++ 15.9 (VS2017)

END.
