#
# There is insufficient memory for the Java Runtime Environment to continue.
# Native memory allocation (malloc) failed to allocate 1846576 bytes for Chunk::new
# Possible reasons:
#   The system is out of physical RAM or swap space
#   The process is running with CompressedOops enabled, and the Java Heap may be blocking the growth of the native heap
# Possible solutions:
#   Reduce memory load on the system
#   Increase physical memory or swap space
#   Check if swap backing store is full
#   Decrease Java heap size (-Xmx/-Xms)
#   Decrease number of Java threads
#   Decrease Java thread stack sizes (-Xss)
#   Set larger code cache with -XX:ReservedCodeCacheSize=
#   JVM is running with Unscaled Compressed Oops mode in which the Java heap is
#     placed in the first 4GB address space. The Java Heap base address is the
#     maximum limit for the native heap growth. Please use -XX:HeapBaseMinAddress
#     to set the Java Heap base and to place the Java Heap above 4GB virtual address.
# This output file may be truncated or incomplete.
#
#  Out of Memory Error (./open/src/hotspot/share/memory/arena.cpp:197), pid=16536, tid=8964
#
# JRE version: Java(TM) SE Runtime Environment 18.9 (11.0.14+8) (build 11.0.14+8-LTS-263)
# Java VM: Java HotSpot(TM) 64-Bit Server VM 18.9 (11.0.14+8-LTS-263, mixed mode, tiered, compressed oops, g1 gc, windows-amd64)
# No core dump will be written. Minidumps are not enabled by default on client versions of Windows
#

---------------  S U M M A R Y ------------

Command Line: -ea -Dfile.encoding=Cp1252 org.testng.remote.RemoteTestNG -serport 49935 -protocol json -d C:\Users\chavan\eclipse-workspace\zerodha\test-output C:\Users\chavan\AppData\Local\Temp\testng-eclipse-1981005544\testng-customsuite.xml

Host: Intel(R) Core(TM) i3-4005U CPU @ 1.70GHz, 4 cores, 3G,  Windows 10 , 64 bit Build 19041 (10.0.19041.546)
Time: Wed Jul 27 17:24:36 2022 India Standard Time elapsed time: 8.950056 seconds (0d 0h 0m 8s)

---------------  T H R E A D  ---------------

Current thread (0x00000165dd3c4800):  JavaThread "C2 CompilerThread0" daemon [_thread_in_native, id=8964, stack(0x0000002e94300000,0x0000002e94400000)]


Current CompileTask:
C2:   8950 2052       4       java.lang.invoke.MethodType::makeImpl (108 bytes)

Stack: [0x0000002e94300000,0x0000002e94400000]
Native frames: (J=compiled Java code, j=interpreted, Vv=VM code, C=native code)
V  [jvm.dll+0x6296da]
V  [jvm.dll+0x76323f]
V  [jvm.dll+0x7648e9]
V  [jvm.dll+0x764f73]
V  [jvm.dll+0x23d7c8]
V  [jvm.dll+0xb297c]
V  [jvm.dll+0xb2f3c]
V  [jvm.dll+0x340e52]
V  [jvm.dll+0x30e803]
V  [jvm.dll+0x30db4a]
V  [jvm.dll+0x1f8365]
V  [jvm.dll+0x1f754d]
V  [jvm.dll+0x177b21]
V  [jvm.dll+0x206e26]
V  [jvm.dll+0x204fbb]
V  [jvm.dll+0x729170]
V  [jvm.dll+0x721d44]
V  [jvm.dll+0x6285d6]
C  [ucrtbase.dll+0x214c2]
C  [KERNEL32.DLL+0x17034]
C  [ntdll.dll+0x4cec1]


---------------  P R O C E S S  ---------------

Threads class SMR info:
_java_thread_list=0x00000165df6f7c30, length=21, elements={
0x00000165c0452800, 0x00000165dd3a1000, 0x00000165dd3ac000, 0x00000165dd3be800,
0x00000165dd3c0800, 0x00000165dd3c1800, 0x00000165dd3c4800, 0x00000165dd423800,
0x00000165dd42d800, 0x00000165ddea4000, 0x00000165de65e000, 0x00000165defcc000,
0x00000165def29000, 0x00000165def58800, 0x00000165df3fb000, 0x00000165dfcaf000,
0x00000165df46c000, 0x00000165dfb55800, 0x00000165df6ec800, 0x00000165df5b4800,
0x00000165df5b2800
}

Java Threads: ( => current thread )
  0x00000165c0452800 JavaThread "Forwarding newSession on session null to remote" [_thread_in_native, id=19420, stack(0x0000002e93700000,0x0000002e93800000)]
  0x00000165dd3a1000 JavaThread "Reference Handler" daemon [_thread_blocked, id=20124, stack(0x0000002e93e00000,0x0000002e93f00000)]
  0x00000165dd3ac000 JavaThread "Finalizer" daemon [_thread_blocked, id=21792, stack(0x0000002e93f00000,0x0000002e94000000)]
  0x00000165dd3be800 JavaThread "Signal Dispatcher" daemon [_thread_blocked, id=19888, stack(0x0000002e94000000,0x0000002e94100000)]
  0x00000165dd3c0800 JavaThread "Attach Listener" daemon [_thread_blocked, id=1068, stack(0x0000002e94100000,0x0000002e94200000)]
  0x00000165dd3c1800 JavaThread "Service Thread" daemon [_thread_blocked, id=13968, stack(0x0000002e94200000,0x0000002e94300000)]
=>0x00000165dd3c4800 JavaThread "C2 CompilerThread0" daemon [_thread_in_native, id=8964, stack(0x0000002e94300000,0x0000002e94400000)]
  0x00000165dd423800 JavaThread "C1 CompilerThread0" daemon [_thread_blocked, id=21108, stack(0x0000002e94400000,0x0000002e94500000)]
  0x00000165dd42d800 JavaThread "Sweeper thread" daemon [_thread_blocked, id=22212, stack(0x0000002e94500000,0x0000002e94600000)]
  0x00000165ddea4000 JavaThread "Common-Cleaner" daemon [_thread_blocked, id=20880, stack(0x0000002e94700000,0x0000002e94800000)]
  0x00000165de65e000 JavaThread "ReaderThread" [_thread_in_native, id=18408, stack(0x0000002e94900000,0x0000002e94a00000)]
  0x00000165defcc000 JavaThread "ForkJoinPool.commonPool-worker-3" daemon [_thread_blocked, id=20044, stack(0x0000002e94d00000,0x0000002e94e00000)]
  0x00000165def29000 JavaThread "ForkJoinPool.commonPool-worker-5" daemon [_thread_blocked, id=18672, stack(0x0000002e94e00000,0x0000002e94f00000)]
  0x00000165def58800 JavaThread "AsyncHttpClient-1-1" daemon [_thread_blocked, id=13504, stack(0x0000002e94f00000,0x0000002e95000000)]
  0x00000165df3fb000 JavaThread "Exec Default Executor" daemon [_thread_in_native, id=9048, stack(0x0000002e95000000,0x0000002e95100000)]
  0x00000165dfcaf000 JavaThread "Driver Service Executor" daemon [_thread_blocked, id=7040, stack(0x0000002e95100000,0x0000002e95200000)]
  0x00000165df46c000 JavaThread "Driver Service Executor" daemon [_thread_blocked, id=16580, stack(0x0000002e95200000,0x0000002e95300000)]
  0x00000165dfb55800 JavaThread "UrlChecker-2" daemon [_thread_blocked, id=21624, stack(0x0000002e95300000,0x0000002e95400000)]
  0x00000165df6ec800 JavaThread "Exec Stream Pumper" daemon [_thread_in_native, id=5976, stack(0x0000002e95400000,0x0000002e95500000)]
  0x00000165df5b4800 JavaThread "Exec Stream Pumper" daemon [_thread_in_native, id=22168, stack(0x0000002e95500000,0x0000002e95600000)]
  0x00000165df5b2800 JavaThread "Keep-Alive-Timer" daemon [_thread_blocked, id=4032, stack(0x0000002e95600000,0x0000002e95700000)]

Other Threads:
  0x00000165dd37e000 VMThread "VM Thread" [stack: 0x0000002e93d00000,0x0000002e93e00000] [id=22352]
  0x00000165ddea7800 WatcherThread [stack: 0x0000002e94600000,0x0000002e94700000] [id=21980]
  0x00000165c046a000 GCTaskThread "GC Thread#0" [stack: 0x0000002e93800000,0x0000002e93900000] [id=19788]
  0x00000165de938000 GCTaskThread "GC Thread#1" [stack: 0x0000002e94a00000,0x0000002e94b00000] [id=19828]
  0x00000165de939000 GCTaskThread "GC Thread#2" [stack: 0x0000002e94b00000,0x0000002e94c00000] [id=5244]
  0x00000165de939800 GCTaskThread "GC Thread#3" [stack: 0x0000002e94c00000,0x0000002e94d00000] [id=21328]
  0x00000165c048a000 ConcurrentGCThread "G1 Main Marker" [stack: 0x0000002e93900000,0x0000002e93a00000] [id=17996]
  0x00000165c048c800 ConcurrentGCThread "G1 Conc#0" [stack: 0x0000002e93a00000,0x0000002e93b00000] [id=7944]
  0x00000165c04e4800 ConcurrentGCThread "G1 Refine#0" [stack: 0x0000002e93b00000,0x0000002e93c00000] [id=1008]
  0x00000165c04e6800 ConcurrentGCThread "G1 Young RemSet Sampling" [stack: 0x0000002e93c00000,0x0000002e93d00000] [id=19680]

Threads with active compile tasks:
C2 CompilerThread0   9027 2052       4       java.lang.invoke.MethodType::makeImpl (108 bytes)

VM state:not at safepoint (normal execution)

VM Mutex/Monitor currently owned by a thread: None

Heap address: 0x00000000c1800000, size: 1000 MB, Compressed Oops mode: 32-bit
Narrow klass base: 0x0000000000000000, Narrow klass shift: 3
Compressed class space size: 1073741824 Address: 0x0000000100000000

Heap:
 garbage-first heap   total 65536K, used 18000K [0x00000000c1800000, 0x0000000100000000)
  region size 1024K, 12 young (12288K), 4 survivors (4096K)
 Metaspace       used 28796K, capacity 29508K, committed 29824K, reserved 1075200K
  class space    used 3316K, capacity 3621K, committed 3712K, reserved 1048576K
Heap Regions: E=young(eden), S=young(survivor), O=old, HS=humongous(starts), HC=humongous(continues), CS=collection set, F=free, A=archive, TAMS=top-at-mark-start (previous, next)
|   0|0x00000000c1800000, 0x00000000c1900000, 0x00000000c1900000|100%| O|  |TAMS 0x00000000c1900000, 0x00000000c1800000| Untracked 
|   1|0x00000000c1900000, 0x00000000c1a00000, 0x00000000c1a00000|100%| O|  |TAMS 0x00000000c1a00000, 0x00000000c1900000| Untracked 
|   2|0x00000000c1a00000, 0x00000000c1b00000, 0x00000000c1b00000|100%| O|  |TAMS 0x00000000c1b00000, 0x00000000c1a00000| Untracked 
|   3|0x00000000c1b00000, 0x00000000c1c00000, 0x00000000c1c00000|100%| O|  |TAMS 0x00000000c1c00000, 0x00000000c1b00000| Untracked 
|   4|0x00000000c1c00000, 0x00000000c1d00000, 0x00000000c1d00000|100%| O|  |TAMS 0x00000000c1d00000, 0x00000000c1c00000| Untracked 
|   5|0x00000000c1d00000, 0x00000000c1e00000, 0x00000000c1e00000|100%| O|  |TAMS 0x00000000c1e00000, 0x00000000c1d00000| Untracked 
|   6|0x00000000c1e00000, 0x00000000c1e94000, 0x00000000c1f00000| 57%| O|  |TAMS 0x00000000c1e94000, 0x00000000c1e00000| Untracked 
|   7|0x00000000c1f00000, 0x00000000c1f00000, 0x00000000c2000000|  0%| F|  |TAMS 0x00000000c1f00000, 0x00000000c1f00000| Untracked 
|   8|0x00000000c2000000, 0x00000000c2000000, 0x00000000c2100000|  0%| F|  |TAMS 0x00000000c2000000, 0x00000000c2000000| Untracked 
|   9|0x00000000c2100000, 0x00000000c2100000, 0x00000000c2200000|  0%| F|  |TAMS 0x00000000c2100000, 0x00000000c2100000| Untracked 
|  10|0x00000000c2200000, 0x00000000c2200000, 0x00000000c2300000|  0%| F|  |TAMS 0x00000000c2200000, 0x00000000c2200000| Untracked 
|  11|0x00000000c2300000, 0x00000000c2300000, 0x00000000c2400000|  0%| F|  |TAMS 0x00000000c2300000, 0x00000000c2300000| Untracked 
|  12|0x00000000c2400000, 0x00000000c2400000, 0x00000000c2500000|  0%| F|  |TAMS 0x00000000c2400000, 0x00000000c2400000| Untracked 
|  13|0x00000000c2500000, 0x00000000c2500000, 0x00000000c2600000|  0%| F|  |TAMS 0x00000000c2500000, 0x00000000c2500000| Untracked 
|  14|0x00000000c2600000, 0x00000000c2600000, 0x00000000c2700000|  0%| F|  |TAMS 0x00000000c2600000, 0x00000000c2600000| Untracked 
|  15|0x00000000c2700000, 0x00000000c2700000, 0x00000000c2800000|  0%| F|  |TAMS 0x00000000c2700000, 0x00000000c2700000| Untracked 
|  16|0x00000000c2800000, 0x00000000c2800000, 0x00000000c2900000|  0%| F|  |TAMS 0x00000000c2800000, 0x00000000c2800000| Untracked 
|  17|0x00000000c2900000, 0x00000000c2900000, 0x00000000c2a00000|  0%| F|  |TAMS 0x00000000c2900000, 0x00000000c2900000| Untracked 
|  18|0x00000000c2a00000, 0x00000000c2a00000, 0x00000000c2b00000|  0%| F|  |TAMS 0x00000000c2a00000, 0x00000000c2a00000| Untracked 
|  19|0x00000000c2b00000, 0x00000000c2b00000, 0x00000000c2c00000|  0%| F|  |TAMS 0x00000000c2b00000, 0x00000000c2b00000| Untracked 
|  20|0x00000000c2c00000, 0x00000000c2c00000, 0x00000000c2d00000|  0%| F|  |TAMS 0x00000000c2c00000, 0x00000000c2c00000| Untracked 
|  21|0x00000000c2d00000, 0x00000000c2d00000, 0x00000000c2e00000|  0%| F|  |TAMS 0x00000000c2d00000, 0x00000000c2d00000| Untracked 
|  22|0x00000000c2e00000, 0x00000000c2e00000, 0x00000000c2f00000|  0%| F|  |TAMS 0x00000000c2e00000, 0x00000000c2e00000| Untracked 
|  23|0x00000000c2f00000, 0x00000000c2f00000, 0x00000000c3000000|  0%| F|  |TAMS 0x00000000c2f00000, 0x00000000c2f00000| Untracked 
|  24|0x00000000c3000000, 0x00000000c3000000, 0x00000000c3100000|  0%| F|  |TAMS 0x00000000c3000000, 0x00000000c3000000| Untracked 
|  25|0x00000000c3100000, 0x00000000c3100000, 0x00000000c3200000|  0%| F|  |TAMS 0x00000000c3100000, 0x00000000c3100000| Untracked 
|  26|0x00000000c3200000, 0x00000000c3200000, 0x00000000c3300000|  0%| F|  |TAMS 0x00000000c3200000, 0x00000000c3200000| Untracked 
|  27|0x00000000c3300000, 0x00000000c3300000, 0x00000000c3400000|  0%| F|  |TAMS 0x00000000c3300000, 0x00000000c3300000| Untracked 
|  28|0x00000000c3400000, 0x00000000c3400000, 0x00000000c3500000|  0%| F|  |TAMS 0x00000000c3400000, 0x00000000c3400000| Untracked 
|  29|0x00000000c3500000, 0x00000000c3500000, 0x00000000c3600000|  0%| F|  |TAMS 0x00000000c3500000, 0x00000000c3500000| Untracked 
|  30|0x00000000c3600000, 0x00000000c3600000, 0x00000000c3700000|  0%| F|  |TAMS 0x00000000c3600000, 0x00000000c3600000| Untracked 
|  31|0x00000000c3700000, 0x00000000c3700000, 0x00000000c3800000|  0%| F|  |TAMS 0x00000000c3700000, 0x00000000c3700000| Untracked 
|  32|0x00000000c3800000, 0x00000000c3900000, 0x00000000c3900000|100%| S|CS|TAMS 0x00000000c3800000, 0x00000000c3800000| Complete 
|  33|0x00000000c3900000, 0x00000000c3a00000, 0x00000000c3a00000|100%| S|CS|TAMS 0x00000000c3900000, 0x00000000c3900000| Complete 
|  34|0x00000000c3a00000, 0x00000000c3b00000, 0x00000000c3b00000|100%| S|CS|TAMS 0x00000000c3a00000, 0x00000000c3a00000| Complete 
|  35|0x00000000c3b00000, 0x00000000c3c00000, 0x00000000c3c00000|100%| S|CS|TAMS 0x00000000c3b00000, 0x00000000c3b00000| Complete 
|  36|0x00000000c3c00000, 0x00000000c3c00000, 0x00000000c3d00000|  0%| F|  |TAMS 0x00000000c3c00000, 0x00000000c3c00000| Untracked 
|  37|0x00000000c3d00000, 0x00000000c3d00000, 0x00000000c3e00000|  0%| F|  |TAMS 0x00000000c3d00000, 0x00000000c3d00000| Untracked 
|  38|0x00000000c3e00000, 0x00000000c3e00000, 0x00000000c3f00000|  0%| F|  |TAMS 0x00000000c3e00000, 0x00000000c3e00000| Untracked 
|  39|0x00000000c3f00000, 0x00000000c3f00000, 0x00000000c4000000|  0%| F|  |TAMS 0x00000000c3f00000, 0x00000000c3f00000| Untracked 
|  40|0x00000000c4000000, 0x00000000c4000000, 0x00000000c4100000|  0%| F|  |TAMS 0x00000000c4000000, 0x00000000c4000000| Untracked 
|  41|0x00000000c4100000, 0x00000000c4100000, 0x00000000c4200000|  0%| F|  |TAMS 0x00000000c4100000, 0x00000000c4100000| Untracked 
|  42|0x00000000c4200000, 0x00000000c4200000, 0x00000000c4300000|  0%| F|  |TAMS 0x00000000c4200000, 0x00000000c4200000| Untracked 
|  43|0x00000000c4300000, 0x00000000c4300000, 0x00000000c4400000|  0%| F|  |TAMS 0x00000000c4300000, 0x00000000c4300000| Untracked 
|  44|0x00000000c4400000, 0x00000000c4400000, 0x00000000c4500000|  0%| F|  |TAMS 0x00000000c4400000, 0x00000000c4400000| Untracked 
|  45|0x00000000c4500000, 0x00000000c4500000, 0x00000000c4600000|  0%| F|  |TAMS 0x00000000c4500000, 0x00000000c4500000| Untracked 
|  46|0x00000000c4600000, 0x00000000c4600000, 0x00000000c4700000|  0%| F|  |TAMS 0x00000000c4600000, 0x00000000c4600000| Untracked 
|  47|0x00000000c4700000, 0x00000000c4700000, 0x00000000c4800000|  0%| F|  |TAMS 0x00000000c4700000, 0x00000000c4700000| Untracked 
|  48|0x00000000c4800000, 0x00000000c4800000, 0x00000000c4900000|  0%| F|  |TAMS 0x00000000c4800000, 0x00000000c4800000| Untracked 
|  49|0x00000000c4900000, 0x00000000c4900000, 0x00000000c4a00000|  0%| F|  |TAMS 0x00000000c4900000, 0x00000000c4900000| Untracked 
|  50|0x00000000c4a00000, 0x00000000c4a00000, 0x00000000c4b00000|  0%| F|  |TAMS 0x00000000c4a00000, 0x00000000c4a00000| Untracked 
|  51|0x00000000c4b00000, 0x00000000c4b00000, 0x00000000c4c00000|  0%| F|  |TAMS 0x00000000c4b00000, 0x00000000c4b00000| Untracked 
|  52|0x00000000c4c00000, 0x00000000c4c00000, 0x00000000c4d00000|  0%| F|  |TAMS 0x00000000c4c00000, 0x00000000c4c00000| Untracked 
|  53|0x00000000c4d00000, 0x00000000c4d00000, 0x00000000c4e00000|  0%| F|  |TAMS 0x00000000c4d00000, 0x00000000c4d00000| Untracked 
|  54|0x00000000c4e00000, 0x00000000c4e00000, 0x00000000c4f00000|  0%| F|  |TAMS 0x00000000c4e00000, 0x00000000c4e00000| Untracked 
|  55|0x00000000c4f00000, 0x00000000c4f00000, 0x00000000c5000000|  0%| F|  |TAMS 0x00000000c4f00000, 0x00000000c4f00000| Untracked 
|  56|0x00000000c5000000, 0x00000000c5100000, 0x00000000c5100000|100%| E|  |TAMS 0x00000000c5000000, 0x00000000c5000000| Complete 
|  57|0x00000000c5100000, 0x00000000c5200000, 0x00000000c5200000|100%| E|CS|TAMS 0x00000000c5100000, 0x00000000c5100000| Complete 
|  58|0x00000000c5200000, 0x00000000c5300000, 0x00000000c5300000|100%| E|CS|TAMS 0x00000000c5200000, 0x00000000c5200000| Complete 
|  59|0x00000000c5300000, 0x00000000c5400000, 0x00000000c5400000|100%| E|CS|TAMS 0x00000000c5300000, 0x00000000c5300000| Complete 
|  60|0x00000000c5400000, 0x00000000c5500000, 0x00000000c5500000|100%| E|CS|TAMS 0x00000000c5400000, 0x00000000c5400000| Complete 
|  61|0x00000000c5500000, 0x00000000c5600000, 0x00000000c5600000|100%| E|CS|TAMS 0x00000000c5500000, 0x00000000c5500000| Complete 
|  62|0x00000000c5600000, 0x00000000c5700000, 0x00000000c5700000|100%| E|CS|TAMS 0x00000000c5600000, 0x00000000c5600000| Complete 
|  63|0x00000000c5700000, 0x00000000c5800000, 0x00000000c5800000|100%| E|CS|TAMS 0x00000000c5700000, 0x00000000c5700000| Complete 

Card table byte_map: [0x00000165d8aa0000,0x00000165d8ca0000] _byte_map_base: 0x00000165d8494000

Marking Bits (Prev, Next): (CMBitMap*) 0x00000165c0485100, (CMBitMap*) 0x00000165c04850c8
 Prev Bits: [0x00000165d9e40000, 0x00000165dade0000)
 Next Bits: [0x00000165d8ea0000, 0x00000165d9e40000)

Polling page: 0x00000165c02d0000

Metaspace:

Usage:
  Non-class:     25.28 MB capacity,    24.88 MB ( 98%) used,   328.28 KB (  1%) free+waste,    78.94 KB ( <1%) overhead. 
      Class:      3.54 MB capacity,     3.24 MB ( 92%) used,   263.28 KB (  7%) free+waste,    40.81 KB (  1%) overhead. 
       Both:     28.82 MB capacity,    28.12 MB ( 98%) used,   591.56 KB (  2%) free+waste,   119.75 KB ( <1%) overhead. 

Virtual space:
  Non-class space:       26.00 MB reserved,      25.50 MB ( 98%) committed 
      Class space:        1.00 GB reserved,       3.63 MB ( <1%) committed 
             Both:        1.03 GB reserved,      29.13 MB (  3%) committed 

Chunk freelists:
   Non-Class:  4.13 KB
       Class:  0 bytes
        Both:  4.13 KB

CodeHeap 'non-profiled nmethods': size=120064Kb used=875Kb max_used=875Kb free=119188Kb
 bounds [0x00000165d0d40000, 0x00000165d0fb0000, 0x00000165d8280000]
CodeHeap 'profiled nmethods': size=120000Kb used=4140Kb max_used=4140Kb free=115859Kb
 bounds [0x00000165c9810000, 0x00000165c9c20000, 0x00000165d0d40000]
CodeHeap 'non-nmethods': size=5696Kb used=1185Kb max_used=1212Kb free=4511Kb
 bounds [0x00000165c9280000, 0x00000165c94f0000, 0x00000165c9810000]
 total_blobs=2602 nmethods=2067 adapters=446
 compilation: enabled
              stopped_count=0, restarted_count=0
 full_count=0

Compilation events (10 events):
Event: 8.811 Thread 0x00000165dd423800 2070       3       org.openqa.selenium.json.JsonOutput::lambda$asString$34 (37 bytes)
Event: 8.812 Thread 0x00000165dd423800 nmethod 2070 0x00000165c9c16c10 code [0x00000165c9c16e40, 0x00000165c9c17588]
Event: 8.812 Thread 0x00000165dd423800 2073       3       java.nio.ByteBuffer::array (35 bytes)
Event: 8.812 Thread 0x00000165dd423800 nmethod 2073 0x00000165c9c17890 code [0x00000165c9c17a60, 0x00000165c9c17d58]
Event: 8.812 Thread 0x00000165dd423800 2071       3       java.util.StringJoiner::<init> (56 bytes)
Event: 8.813 Thread 0x00000165dd423800 nmethod 2071 0x00000165c9c17e90 code [0x00000165c9c180e0, 0x00000165c9c189d8]
Event: 8.813 Thread 0x00000165dd423800 2072       3       java.util.StringJoiner::toString (181 bytes)
Event: 8.816 Thread 0x00000165dd423800 nmethod 2072 0x00000165c9c18d10 code [0x00000165c9c19020, 0x00000165c9c1a108]
Event: 8.883 Thread 0x00000165dd423800 2075       3       java.util.RegularEnumSet::contains (57 bytes)
Event: 8.884 Thread 0x00000165dd423800 nmethod 2075 0x00000165c9c1a990 code [0x00000165c9c1ab60, 0x00000165c9c1af28]

GC Heap History (10 events):
Event: 2.603 GC heap before
{Heap before GC invocations=1 (full 0):
 garbage-first heap   total 65536K, used 14577K [0x00000000c1800000, 0x0000000100000000)
  region size 1024K, 10 young (10240K), 2 survivors (2048K)
 Metaspace       used 14321K, capacity 14638K, committed 14976K, reserved 1062912K
  class space    used 1448K, capacity 1554K, committed 1664K, reserved 1048576K
}
Event: 2.610 GC heap after
{Heap after GC invocations=2 (full 0):
 garbage-first heap   total 65536K, used 6806K [0x00000000c1800000, 0x0000000100000000)
  region size 1024K, 1 young (1024K), 1 survivors (1024K)
 Metaspace       used 14321K, capacity 14638K, committed 14976K, reserved 1062912K
  class space    used 1448K, capacity 1554K, committed 1664K, reserved 1048576K
}
Event: 3.390 GC heap before
{Heap before GC invocations=2 (full 0):
 garbage-first heap   total 65536K, used 28310K [0x00000000c1800000, 0x0000000100000000)
  region size 1024K, 23 young (23552K), 1 survivors (1024K)
 Metaspace       used 16673K, capacity 16996K, committed 17280K, reserved 1064960K
  class space    used 1712K, capacity 1829K, committed 1920K, reserved 1048576K
}
Event: 3.394 GC heap after
{Heap after GC invocations=3 (full 0):
 garbage-first heap   total 65536K, used 7653K [0x00000000c1800000, 0x0000000100000000)
  region size 1024K, 2 young (2048K), 2 survivors (2048K)
 Metaspace       used 16673K, capacity 16996K, committed 17280K, reserved 1064960K
  class space    used 1712K, capacity 1829K, committed 1920K, reserved 1048576K
}
Event: 4.626 GC heap before
{Heap before GC invocations=3 (full 0):
 garbage-first heap   total 65536K, used 32229K [0x00000000c1800000, 0x0000000100000000)
  region size 1024K, 26 young (26624K), 2 survivors (2048K)
 Metaspace       used 20336K, capacity 20797K, committed 20864K, reserved 1067008K
  class space    used 2223K, capacity 2380K, committed 2432K, reserved 1048576K
}
Event: 4.633 GC heap after
{Heap after GC invocations=4 (full 0):
 garbage-first heap   total 65536K, used 8617K [0x00000000c1800000, 0x0000000100000000)
  region size 1024K, 3 young (3072K), 3 survivors (3072K)
 Metaspace       used 20336K, capacity 20797K, committed 20864K, reserved 1067008K
  class space    used 2223K, capacity 2380K, committed 2432K, reserved 1048576K
}
Event: 4.709 GC heap before
{Heap before GC invocations=4 (full 0):
 garbage-first heap   total 65536K, used 9641K [0x00000000c1800000, 0x0000000100000000)
  region size 1024K, 5 young (5120K), 3 survivors (3072K)
 Metaspace       used 20686K, capacity 21157K, committed 21296K, reserved 1069056K
  class space    used 2269K, capacity 2414K, committed 2432K, reserved 1048576K
}
Event: 4.716 GC heap after
{Heap after GC invocations=5 (full 0):
 garbage-first heap   total 65536K, used 8784K [0x00000000c1800000, 0x0000000100000000)
  region size 1024K, 2 young (2048K), 2 survivors (2048K)
 Metaspace       used 20686K, capacity 21157K, committed 21296K, reserved 1069056K
  class space    used 2269K, capacity 2414K, committed 2432K, reserved 1048576K
}
Event: 6.109 GC heap before
{Heap before GC invocations=6 (full 0):
 garbage-first heap   total 65536K, used 35408K [0x00000000c1800000, 0x0000000100000000)
  region size 1024K, 28 young (28672K), 2 survivors (2048K)
 Metaspace       used 26966K, capacity 27507K, committed 27776K, reserved 1073152K
  class space    used 3067K, capacity 3329K, committed 3456K, reserved 1048576K
}
Event: 6.119 GC heap after
{Heap after GC invocations=7 (full 0):
 garbage-first heap   total 65536K, used 10832K [0x00000000c1800000, 0x0000000100000000)
  region size 1024K, 4 young (4096K), 4 survivors (4096K)
 Metaspace       used 26966K, capacity 27507K, committed 27776K, reserved 1073152K
  class space    used 3067K, capacity 3329K, committed 3456K, reserved 1048576K
}

Deoptimization events (10 events):
Event: 4.201 Thread 0x00000165c0452800 Uncommon trap: reason=speculate_null_assert action=make_not_entrant pc=0x00000165d0daf2c8 method=jdk.internal.loader.URLClassPath$JarLoader.getResource(Ljava/lang/String;ZLjava/util/Set;)Ljdk/internal/loader/Resource; @ 17 c2
Event: 5.936 Thread 0x00000165c0452800 Uncommon trap: reason=class_check action=maybe_recompile pc=0x00000165d0dd65c8 method=java.util.regex.Matcher.search(I)Z @ 121 c2
Event: 5.936 Thread 0x00000165c0452800 Uncommon trap: reason=class_check action=maybe_recompile pc=0x00000165d0dd65c8 method=java.util.regex.Matcher.search(I)Z @ 121 c2
Event: 5.936 Thread 0x00000165c0452800 Uncommon trap: reason=class_check action=maybe_recompile pc=0x00000165d0dd65c8 method=java.util.regex.Matcher.search(I)Z @ 121 c2
Event: 5.936 Thread 0x00000165c0452800 Uncommon trap: reason=class_check action=maybe_recompile pc=0x00000165d0dd65c8 method=java.util.regex.Matcher.search(I)Z @ 121 c2
Event: 6.105 Thread 0x00000165c0452800 Uncommon trap: reason=unstable_if action=reinterpret pc=0x00000165d0da9cb4 method=java.lang.String.replace(CC)Ljava/lang/String; @ 2 c2
Event: 6.227 Thread 0x00000165dfb55800 Uncommon trap: reason=unstable_if action=reinterpret pc=0x00000165d0de1fc8 method=java.lang.CharacterDataLatin1.digit(II)I @ 12 c2
Event: 6.768 Thread 0x00000165dfb55800 Uncommon trap: reason=unstable_if action=reinterpret pc=0x00000165d0de1c44 method=java.lang.CharacterDataLatin1.digit(II)I @ 12 c2
Event: 8.600 Thread 0x00000165c0452800 Uncommon trap: reason=unstable_if action=reinterpret pc=0x00000165d0d8fdf0 method=jdk.internal.org.objectweb.asm.Type.getArgumentsAndReturnSizes(Ljava/lang/String;)I @ 41 c2
Event: 8.885 Thread 0x00000165c0452800 Uncommon trap: reason=unstable_if action=reinterpret pc=0x00000165d0de929c method=java.util.regex.Pattern$BmpCharProperty.match(Ljava/util/regex/Matcher;ILjava/lang/CharSequence;)Z @ 39 c2

Classes redefined (0 events):
No events

Internal exceptions (10 events):
Event: 6.221 Thread 0x00000165df3fb000 Exception <a 'java/lang/NoSuchMethodError'{0x00000000c5609068}: java.lang.invoke.Invokers$Holder.linkToTargetMethod(Ljava/lang/Object;JLjava/lang/Object;)Ljava/lang/Object;> (0x00000000c5609068) thrown at [./open/src/hotspot/share/interpreter/linkResolver
Event: 6.737 Thread 0x00000165dfb55800 Exception <a 'java/net/SocketTimeoutException'{0x00000000c57f1108}: connect timed out> (0x00000000c57f1108) thrown at [./open/src/hotspot/share/prims/jni.cpp, line 632]
Event: 7.280 Thread 0x00000165dfb55800 Exception <a 'java/net/SocketTimeoutException'{0x00000000c57f21d0}: connect timed out> (0x00000000c57f21d0) thrown at [./open/src/hotspot/share/prims/jni.cpp, line 632]
Event: 7.815 Thread 0x00000165dfb55800 Exception <a 'java/net/SocketTimeoutException'{0x00000000c57f3148}: connect timed out> (0x00000000c57f3148) thrown at [./open/src/hotspot/share/prims/jni.cpp, line 632]
Event: 8.374 Thread 0x00000165dfb55800 Exception <a 'java/net/SocketTimeoutException'{0x00000000c57f40c0}: connect timed out> (0x00000000c57f40c0) thrown at [./open/src/hotspot/share/prims/jni.cpp, line 632]
Event: 8.600 Thread 0x00000165c0452800 Exception <a 'java/lang/NoSuchMethodError'{0x00000000c56fcba8}: java.lang.invoke.DirectMethodHandle$Holder.invokeVirtual(Ljava/lang/Object;Ljava/lang/Object;)D> (0x00000000c56fcba8) thrown at [./open/src/hotspot/share/interpreter/linkResolver.cpp, line 77
Event: 8.602 Thread 0x00000165c0452800 Exception <a 'java/lang/NoSuchMethodError'{0x00000000c5503230}: java.lang.invoke.DirectMethodHandle$Holder.invokeVirtual(Ljava/lang/Object;Ljava/lang/Object;)F> (0x00000000c5503230) thrown at [./open/src/hotspot/share/interpreter/linkResolver.cpp, line 77
Event: 8.604 Thread 0x00000165c0452800 Exception <a 'java/lang/NoSuchMethodError'{0x00000000c550b970}: java.lang.invoke.DirectMethodHandle$Holder.invokeVirtual(Ljava/lang/Object;Ljava/lang/Object;)J> (0x00000000c550b970) thrown at [./open/src/hotspot/share/interpreter/linkResolver.cpp, line 77
Event: 8.722 Thread 0x00000165c0452800 Exception <a 'java/lang/NoSuchMethodError'{0x00000000c5487568}: java.lang.invoke.DirectMethodHandle$Holder.invokeStatic(Ljava/lang/Object;Ljava/lang/Object;I)V> (0x00000000c5487568) thrown at [./open/src/hotspot/share/interpreter/linkResolver.cpp, line 77
Event: 8.796 Thread 0x00000165c0452800 Exception <a 'java/lang/NoSuchMethodError'{0x00000000c5257180}: java.lang.invoke.DirectMethodHandle$Holder.invokeSpecialIFC(Ljava/lang/Object;Ljava/lang/Object;Ljava/lang/Object;)I> (0x00000000c5257180) thrown at [./open/src/hotspot/share/interpreter/link

Events (10 events):
Event: 8.919 loading class org/asynchttpclient/Request
Event: 8.919 loading class org/asynchttpclient/Request done
Event: 8.920 loading class org/asynchttpclient/request/body/generator/BodyGenerator
Event: 8.920 loading class org/asynchttpclient/request/body/generator/BodyGenerator done
Event: 8.921 loading class org/asynchttpclient/uri/UriParser
Event: 8.921 loading class org/asynchttpclient/uri/UriParser done
Event: 8.922 loading class org/asynchttpclient/util/Assertions
Event: 8.922 loading class org/asynchttpclient/util/Assertions done
Event: 8.923 loading class io/netty/resolver/DefaultNameResolver
Event: 8.923 loading class io/netty/resolver/DefaultNameResolver done


Dynamic libraries:
0x00007ff779c30000 - 0x00007ff779c3f000 	C:\Program Files\Java\jdk-11.0.14\bin\javaw.exe
0x00007ff9747b0000 - 0x00007ff9749a6000 	C:\Windows\SYSTEM32\ntdll.dll
0x00007ff9743e0000 - 0x00007ff97449d000 	C:\Windows\System32\KERNEL32.DLL
0x00007ff972420000 - 0x00007ff9726e8000 	C:\Windows\System32\KERNELBASE.dll
0x00007ff972320000 - 0x00007ff972420000 	C:\Windows\System32\ucrtbase.dll
0x00007ff96e710000 - 0x00007ff96e728000 	C:\Program Files\Java\jdk-11.0.14\bin\jli.dll
0x00007ff972f20000 - 0x00007ff972fca000 	C:\Windows\System32\ADVAPI32.dll
0x00007ff9730b0000 - 0x00007ff97314e000 	C:\Windows\System32\msvcrt.dll
0x00007ff9744a0000 - 0x00007ff97453b000 	C:\Windows\System32\sechost.dll
0x00007ff973320000 - 0x00007ff973444000 	C:\Windows\System32\RPCRT4.dll
0x00007ff973150000 - 0x00007ff9732f0000 	C:\Windows\System32\USER32.dll
0x00007ff971f00000 - 0x00007ff971f22000 	C:\Windows\System32\win32u.dll
0x00007ff973ae0000 - 0x00007ff973b0a000 	C:\Windows\System32\GDI32.dll
0x00007ff972000000 - 0x00007ff972109000 	C:\Windows\System32\gdi32full.dll
0x00007ff972780000 - 0x00007ff97281d000 	C:\Windows\System32\msvcp_win.dll
0x00007ff96ea40000 - 0x00007ff96ea55000 	C:\Program Files\Java\jdk-11.0.14\bin\VCRUNTIME140.dll
0x00007ff964000000 - 0x00007ff96429b000 	C:\Windows\WinSxS\amd64_microsoft.windows.common-controls_6595b64144ccf1df_6.0.19041.488_none_ca04af081b815d21\COMCTL32.dll
0x00007ff969120000 - 0x00007ff96912a000 	C:\Windows\SYSTEM32\VERSION.dll
0x00007ff972930000 - 0x00007ff972960000 	C:\Windows\System32\IMM32.DLL
0x00007ff967c40000 - 0x00007ff967cdb000 	C:\Program Files\Java\jdk-11.0.14\bin\msvcp140.dll
0x00007ff940880000 - 0x00007ff941396000 	C:\Program Files\Java\jdk-11.0.14\bin\server\jvm.dll
0x00007ff9732f0000 - 0x00007ff9732f8000 	C:\Windows\System32\PSAPI.DLL
0x00007ff95f6b0000 - 0x00007ff95f6b9000 	C:\Windows\SYSTEM32\WSOCK32.dll
0x00007ff9746f0000 - 0x00007ff97475b000 	C:\Windows\System32\WS2_32.dll
0x00007ff963d90000 - 0x00007ff963db7000 	C:\Windows\SYSTEM32\WINMM.dll
0x00007ff96fe50000 - 0x00007ff96fe62000 	C:\Windows\SYSTEM32\kernel.appcore.dll
0x00007ff96f940000 - 0x00007ff96f950000 	C:\Program Files\Java\jdk-11.0.14\bin\verify.dll
0x00007ff960da0000 - 0x00007ff960f84000 	C:\Windows\SYSTEM32\DBGHELP.DLL
0x00007ff960d70000 - 0x00007ff960d9c000 	C:\Windows\SYSTEM32\dbgcore.DLL
0x00007ff971f30000 - 0x00007ff971faf000 	C:\Windows\System32\bcryptPrimitives.dll
0x00007ff969d60000 - 0x00007ff969d88000 	C:\Program Files\Java\jdk-11.0.14\bin\java.dll
0x00007ff96f410000 - 0x00007ff96f41a000 	C:\Program Files\Java\jdk-11.0.14\bin\jimage.dll
0x00007ff96d8e0000 - 0x00007ff96d8f6000 	C:\Program Files\Java\jdk-11.0.14\bin\zip.dll
0x00007ff973b70000 - 0x00007ff9742b0000 	C:\Windows\System32\SHELL32.dll
0x00007ff970050000 - 0x00007ff9707e4000 	C:\Windows\SYSTEM32\windows.storage.dll
0x00007ff9734d0000 - 0x00007ff973825000 	C:\Windows\System32\combase.dll
0x00007ff971970000 - 0x00007ff97199c000 	C:\Windows\SYSTEM32\Wldp.dll
0x00007ff972960000 - 0x00007ff972a0e000 	C:\Windows\System32\SHCORE.dll
0x00007ff9728d0000 - 0x00007ff972925000 	C:\Windows\System32\shlwapi.dll
0x00007ff971e30000 - 0x00007ff971e56000 	C:\Windows\SYSTEM32\profapi.dll
0x00007ff96bc40000 - 0x00007ff96bc59000 	C:\Program Files\Java\jdk-11.0.14\bin\net.dll
0x00007ff96cf90000 - 0x00007ff96d090000 	C:\Windows\SYSTEM32\WINHTTP.dll
0x00007ff9716f0000 - 0x00007ff97175a000 	C:\Windows\system32\mswsock.dll
0x00007ff968a60000 - 0x00007ff968a72000 	C:\Program Files\Java\jdk-11.0.14\bin\nio.dll
0x00007ff9713d0000 - 0x00007ff97149b000 	C:\Windows\SYSTEM32\DNSAPI.dll
0x00007ff971390000 - 0x00007ff9713cb000 	C:\Windows\SYSTEM32\IPHLPAPI.DLL
0x00007ff974760000 - 0x00007ff974769000 	C:\Windows\System32\NSI.dll
0x00007ff9649c0000 - 0x00007ff9649ca000 	C:\Windows\System32\rasadhlp.dll
0x00007ff964dd0000 - 0x00007ff964e4f000 	C:\Windows\System32\fwpuclnt.dll
0x00007ff9726f0000 - 0x00007ff972717000 	C:\Windows\System32\bcrypt.dll
0x00007ff9718c0000 - 0x00007ff9718d8000 	C:\Windows\SYSTEM32\CRYPTSP.dll
0x00007ff971010000 - 0x00007ff971044000 	C:\Windows\system32\rsaenh.dll
0x00007ff971db0000 - 0x00007ff971dde000 	C:\Windows\SYSTEM32\USERENV.dll
0x00007ff9718e0000 - 0x00007ff9718ec000 	C:\Windows\SYSTEM32\CRYPTBASE.dll
0x00007ff96b2a0000 - 0x00007ff96b2b7000 	C:\Windows\SYSTEM32\dhcpcsvc6.DLL
0x00007ff96b3e0000 - 0x00007ff96b3fd000 	C:\Windows\SYSTEM32\dhcpcsvc.DLL
0x00007ff96ea30000 - 0x00007ff96ea39000 	C:\Program Files\Java\jdk-11.0.14\bin\management.dll
0x00007ff96e030000 - 0x00007ff96e03b000 	C:\Program Files\Java\jdk-11.0.14\bin\management_ext.dll
0x00007ff9678f0000 - 0x00007ff967915000 	C:\Program Files\Java\jdk-11.0.14\bin\sunec.dll

dbghelp: loaded successfully - version: 4.0.5 - missing functions: none
symbol engine: initialized successfully - sym options: 0x614 - pdb path: .;C:\Program Files\Java\jdk-11.0.14\bin;C:\Windows\SYSTEM32;C:\Windows\WinSxS\amd64_microsoft.windows.common-controls_6595b64144ccf1df_6.0.19041.488_none_ca04af081b815d21;C:\Program Files\Java\jdk-11.0.14\bin\server

VM Arguments:
jvm_args: -ea -Dfile.encoding=Cp1252 
java_command: org.testng.remote.RemoteTestNG -serport 49935 -protocol json -d C:\Users\chavan\eclipse-workspace\zerodha\test-output C:\Users\chavan\AppData\Local\Temp\testng-eclipse-1981005544\testng-customsuite.xml
java_class_path (initial): C:\Users\chavan\eclipse\java-2022-03\eclipse\configuration\org.eclipse.osgi\431\0\.cp\lib\testng-remote.jar;C:\Users\chavan\eclipse-workspace\zerodha\target\test-classes;C:\Users\chavan\eclipse-workspace\zerodha\target\classes;C:\Users\chavan\.p2\pool\plugins\org.testng_7.4.0.r202105021533.jar;C:\Users\chavan\.p2\pool\plugins\com.beust.jcommander_1.78.0.jar;C:\Users\chavan\.p2\pool\plugins\org.apache-extras.beanshell.bsh_2.0.0.b6.jar;C:\Users\chavan\.p2\pool\plugins\org.yaml.snakeyaml_1.21.0.jar;C:\Users\chavan\.p2\pool\plugins\org.webjars.jquery_3.5.1.jar;C:\Users\chavan\.m2\repository\org\seleniumhq\selenium\selenium-java\4.3.0\selenium-java-4.3.0.jar;C:\Users\chavan\.m2\repository\org\seleniumhq\selenium\selenium-api\4.3.0\selenium-api-4.3.0.jar;C:\Users\chavan\.m2\repository\org\seleniumhq\selenium\selenium-chrome-driver\4.3.0\selenium-chrome-driver-4.3.0.jar;C:\Users\chavan\.m2\repository\com\google\auto\service\auto-service-annotations\1.0.1\auto-service-annotations-1.0.1.jar;C:\Users\chavan\.m2\repository\com\google\auto\service\auto-service\1.0.1\auto-service-1.0.1.jar;C:\Users\chavan\.m2\repository\com\google\auto\auto-common\1.2\auto-common-1.2.jar;C:\Users\chavan\.m2\repository\com\google\guava\guava\31.1-jre\guava-31.1-jre.jar;C:\Users\chavan\.m2\repository\com\google\guava\failureaccess\1.0.1\failureaccess-1.0.1.jar;C:\Users\chavan\.m2\repository\com\google\guava\listenablefuture\9999.0-empty-to-avoid-conflict-with-guava\listenablefuture-9999.0-empty-to-avoid-conflict-with-guava.jar;C:\Users\chavan\.m2\repository\org\checkerframework\checker-qual\3.12.0\checker-qual-3.12.0.jar;C:\Users\chavan\.m2\repository\com\google\errorprone\error_prone_annotations\2.11.0\error_prone_annotations-2.11.0.jar;C:\Users\chavan\.m2\repository\com\google\j2objc\j2objc-annotations\1.3\j2objc-annotations-1.3.jar;C:\Users\chavan\.m2\repository\org\seleniumhq\selenium\selenium-chromium-driver\4.3.0\selenium-chromium-driver-4.3.0.jar;C:\Users\chavan
Launcher Type: SUN_STANDARD

[Global flags]
     intx CICompilerCount                          = 3                                         {product} {ergonomic}
     uint ConcGCThreads                            = 1                                         {product} {ergonomic}
     uint G1ConcRefinementThreads                  = 4                                         {product} {ergonomic}
   size_t G1HeapRegionSize                         = 1048576                                   {product} {ergonomic}
    uintx GCDrainStackTargetSize                   = 64                                        {product} {ergonomic}
   size_t InitialHeapSize                          = 67108864                                  {product} {ergonomic}
   size_t MarkStackSize                            = 4194304                                   {product} {ergonomic}
   size_t MaxHeapSize                              = 1048576000                                {product} {ergonomic}
   size_t MaxNewSize                               = 629145600                                 {product} {ergonomic}
   size_t MinHeapDeltaBytes                        = 1048576                                   {product} {ergonomic}
    uintx NonNMethodCodeHeapSize                   = 5830732                                {pd product} {ergonomic}
    uintx NonProfiledCodeHeapSize                  = 122913754                              {pd product} {ergonomic}
    uintx ProfiledCodeHeapSize                     = 122913754                              {pd product} {ergonomic}
    uintx ReservedCodeCacheSize                    = 251658240                              {pd product} {ergonomic}
     bool SegmentedCodeCache                       = true                                      {product} {ergonomic}
     bool UseCompressedClassPointers               = true                                 {lp64_product} {ergonomic}
     bool UseCompressedOops                        = true                                 {lp64_product} {ergonomic}
     bool UseG1GC                                  = true                                      {product} {ergonomic}
     bool UseLargePagesIndividualAllocation        = false                                  {pd product} {ergonomic}

Logging:
Log output configuration:
 #0: stdout all=warning uptime,level,tags
 #1: stderr all=off uptime,level,tags

Environment Variables:
PATH=C:\oraclexe\app\oracle\product\11.2.0\server\bin;;C:\Program Files\Common Files\Oracle\Java\javapath;C:\Windows\system32;C:\Windows;C:\Windows\System32\Wbem;C:\Windows\System32\WindowsPowerShell\v1.0\;C:\Windows\System32\OpenSSH\;C:\Windows\IsmFiles;C:\Users\chavan\AppData\Local\Microsoft\WindowsApps;
USERNAME=chavan
OS=Windows_NT
PROCESSOR_IDENTIFIER=Intel64 Family 6 Model 69 Stepping 1, GenuineIntel



---------------  S Y S T E M  ---------------

OS: Windows 10 , 64 bit Build 19041 (10.0.19041.546)

CPU:total 4 (initial active 4) (2 cores per cpu, 2 threads per core) family 6 model 69 stepping 1 microcode 0x25, cmov, cx8, fxsr, mmx, sse, sse2, sse3, ssse3, sse4.1, sse4.2, popcnt, avx, avx2, aes, clmul, erms, lzcnt, ht, tsc, tscinvbit, bmi1, bmi2, fma

Memory: 4k page, system-wide physical 3999M (365M free)
TotalPageFile size 13987M (AvailPageFile size 5M)
current process WorkingSet (physical memory assigned to process): 123M, peak: 124M
current process commit charge ("private bytes"): 182M, peak: 183M

vm_info: Java HotSpot(TM) 64-Bit Server VM (11.0.14+8-LTS-263) for windows-amd64 JRE (11.0.14+8-LTS-263), built on Dec  7 2021 21:53:57 by "mach5one" with MS VC++ 15.9 (VS2017)

END.
